<?xml version="1.0" encoding="UTF-8"?>
<coverage generated="1606972328822" clover="3.2.0">
  <project timestamp="1606972328822" name="All files">
    <metrics statements="266" coveredstatements="233" conditionals="150" coveredconditionals="106" methods="54" coveredmethods="49" elements="470" coveredelements="388" complexity="0" loc="266" ncloc="266" packages="1" files="2" classes="2"/>
    <file name="functions.js" path="F:\PartnerMeBackend\PartnerMeServer\functions.js">
      <metrics statements="64" coveredstatements="58" conditionals="20" coveredconditionals="13" methods="7" coveredmethods="7"/>
      <line num="1" count="1" type="stmt"/>
      <line num="2" count="1" type="stmt"/>
      <line num="4" count="1" type="stmt"/>
      <line num="20" count="1" type="stmt"/>
      <line num="23" count="1" type="stmt"/>
      <line num="24" count="1" type="stmt"/>
      <line num="25" count="1" type="stmt"/>
      <line num="26" count="1" type="stmt"/>
      <line num="29" count="1" type="cond" truecount="1" falsecount="1"/>
      <line num="30" count="0" type="stmt"/>
      <line num="32" count="1" type="stmt"/>
      <line num="33" count="1" type="cond" truecount="1" falsecount="1"/>
      <line num="34" count="0" type="stmt"/>
      <line num="37" count="1" type="stmt"/>
      <line num="38" count="13" type="cond" truecount="2" falsecount="0"/>
      <line num="40" count="1" type="stmt"/>
      <line num="43" count="12" type="stmt"/>
      <line num="52" count="12" type="stmt"/>
      <line num="56" count="1" type="stmt"/>
      <line num="57" count="12" type="stmt"/>
      <line num="58" count="12" type="stmt"/>
      <line num="61" count="12" type="stmt"/>
      <line num="62" count="12" type="stmt"/>
      <line num="64" count="12" type="stmt"/>
      <line num="65" count="12" type="cond" truecount="1" falsecount="1"/>
      <line num="66" count="12" type="stmt"/>
      <line num="67" count="12" type="stmt"/>
      <line num="70" count="12" type="stmt"/>
      <line num="71" count="12" type="cond" truecount="1" falsecount="1"/>
      <line num="72" count="0" type="stmt"/>
      <line num="73" count="0" type="stmt"/>
      <line num="77" count="12" type="stmt"/>
      <line num="78" count="12" type="stmt"/>
      <line num="80" count="12" type="stmt"/>
      <line num="81" count="12" type="stmt"/>
      <line num="84" count="12" type="stmt"/>
      <line num="85" count="12" type="stmt"/>
      <line num="86" count="12" type="stmt"/>
      <line num="87" count="12" type="cond" truecount="1" falsecount="1"/>
      <line num="88" count="12" type="stmt"/>
      <line num="91" count="12" type="stmt"/>
      <line num="92" count="12" type="stmt"/>
      <line num="94" count="12" type="stmt"/>
      <line num="96" count="1" type="stmt"/>
      <line num="97" count="1" type="stmt"/>
      <line num="102" count="1" type="stmt"/>
      <line num="106" count="2" type="stmt"/>
      <line num="109" count="2" type="cond" truecount="2" falsecount="0"/>
      <line num="110" count="1" type="stmt"/>
      <line num="112" count="1" type="stmt"/>
      <line num="113" count="1" type="stmt"/>
      <line num="117" count="2" type="stmt"/>
      <line num="121" count="2" type="stmt"/>
      <line num="124" count="2" type="cond" truecount="2" falsecount="0"/>
      <line num="125" count="1" type="stmt"/>
      <line num="127" count="1" type="stmt"/>
      <line num="128" count="1" type="stmt"/>
      <line num="132" count="2" type="stmt"/>
      <line num="137" count="11" type="cond" truecount="1" falsecount="1"/>
      <line num="138" count="0" type="stmt"/>
      <line num="140" count="11" type="cond" truecount="1" falsecount="1"/>
      <line num="141" count="0" type="stmt"/>
      <line num="143" count="11" type="stmt"/>
      <line num="146" count="1" type="stmt"/>
    </file>
    <file name="index.js" path="F:\PartnerMeBackend\PartnerMeServer\index.js">
      <metrics statements="202" coveredstatements="175" conditionals="130" coveredconditionals="93" methods="47" coveredmethods="42"/>
      <line num="1" count="1" type="stmt"/>
      <line num="2" count="1" type="stmt"/>
      <line num="3" count="1" type="stmt"/>
      <line num="4" count="1" type="stmt"/>
      <line num="5" count="1" type="stmt"/>
      <line num="9" count="1" type="stmt"/>
      <line num="10" count="1" type="stmt"/>
      <line num="11" count="1" type="stmt"/>
      <line num="12" count="1" type="stmt"/>
      <line num="15" count="1" type="stmt"/>
      <line num="16" count="1" type="stmt"/>
      <line num="17" count="1" type="stmt"/>
      <line num="18" count="1" type="stmt"/>
      <line num="20" count="1" type="stmt"/>
      <line num="22" count="1" type="stmt"/>
      <line num="23" count="1" type="stmt"/>
      <line num="24" count="1" type="stmt"/>
      <line num="36" count="1" type="stmt"/>
      <line num="37" count="1" type="stmt"/>
      <line num="42" count="1" type="stmt"/>
      <line num="43" count="3" type="cond" truecount="8" falsecount="0"/>
      <line num="44" count="2" type="stmt"/>
      <line num="47" count="1" type="stmt"/>
      <line num="49" count="1" type="stmt"/>
      <line num="50" count="1" type="cond" truecount="1" falsecount="1"/>
      <line num="51" count="0" type="stmt"/>
      <line num="52" count="0" type="stmt"/>
      <line num="54" count="1" type="stmt"/>
      <line num="60" count="1" type="stmt"/>
      <line num="61" count="1" type="cond" truecount="2" falsecount="2"/>
      <line num="62" count="1" type="stmt"/>
      <line num="65" count="0" type="stmt"/>
      <line num="66" count="0" type="stmt"/>
      <line num="67" count="0" type="cond" truecount="0" falsecount="2"/>
      <line num="68" count="0" type="stmt"/>
      <line num="69" count="0" type="stmt"/>
      <line num="72" count="0" type="stmt"/>
      <line num="79" count="1" type="stmt"/>
      <line num="80" count="2" type="cond" truecount="2" falsecount="0"/>
      <line num="81" count="1" type="stmt"/>
      <line num="84" count="1" type="stmt"/>
      <line num="85" count="1" type="stmt"/>
      <line num="86" count="1" type="stmt"/>
      <line num="87" count="1" type="cond" truecount="1" falsecount="1"/>
      <line num="88" count="0" type="stmt"/>
      <line num="90" count="1" type="stmt"/>
      <line num="100" count="1" type="stmt"/>
      <line num="107" count="1" type="stmt"/>
      <line num="109" count="2" type="cond" truecount="2" falsecount="0"/>
      <line num="110" count="1" type="stmt"/>
      <line num="113" count="1" type="stmt"/>
      <line num="114" count="1" type="stmt"/>
      <line num="115" count="1" type="cond" truecount="1" falsecount="1"/>
      <line num="116" count="1" type="stmt"/>
      <line num="118" count="0" type="cond" truecount="0" falsecount="2"/>
      <line num="119" count="0" type="stmt"/>
      <line num="122" count="0" type="stmt"/>
      <line num="129" count="1" type="stmt"/>
      <line num="132" count="2" type="cond" truecount="8" falsecount="0"/>
      <line num="133" count="1" type="stmt"/>
      <line num="136" count="1" type="stmt"/>
      <line num="138" count="1" type="stmt"/>
      <line num="139" count="1" type="cond" truecount="1" falsecount="1"/>
      <line num="140" count="1" type="stmt"/>
      <line num="141" count="1" type="stmt"/>
      <line num="143" count="0" type="stmt"/>
      <line num="157" count="1" type="stmt"/>
      <line num="158" count="2" type="cond" truecount="2" falsecount="0"/>
      <line num="159" count="1" type="stmt"/>
      <line num="162" count="1" type="stmt"/>
      <line num="164" count="1" type="stmt"/>
      <line num="165" count="1" type="stmt"/>
      <line num="174" count="1" type="stmt"/>
      <line num="175" count="4" type="cond" truecount="5" falsecount="0"/>
      <line num="176" count="1" type="stmt"/>
      <line num="179" count="3" type="stmt"/>
      <line num="180" count="3" type="cond" truecount="1" falsecount="1"/>
      <line num="181" count="3" type="stmt"/>
      <line num="188" count="3" type="stmt"/>
      <line num="190" count="3" type="stmt"/>
      <line num="193" count="0" type="stmt"/>
      <line num="196" count="3" type="stmt"/>
      <line num="197" count="3" type="stmt"/>
      <line num="198" count="3" type="stmt"/>
      <line num="199" count="3" type="stmt"/>
      <line num="201" count="3" type="stmt"/>
      <line num="202" count="3" type="cond" truecount="1" falsecount="1"/>
      <line num="204" count="3" type="cond" truecount="2" falsecount="0"/>
      <line num="205" count="1" type="stmt"/>
      <line num="206" count="1" type="stmt"/>
      <line num="207" count="1" type="cond" truecount="1" falsecount="1"/>
      <line num="211" count="2" type="stmt"/>
      <line num="213" count="2" type="stmt"/>
      <line num="214" count="42" type="cond" truecount="2" falsecount="0"/>
      <line num="215" count="22" type="cond" truecount="2" falsecount="0"/>
      <line num="216" count="1" type="stmt"/>
      <line num="217" count="1" type="stmt"/>
      <line num="221" count="2" type="cond" truecount="2" falsecount="0"/>
      <line num="223" count="1" type="stmt"/>
      <line num="224" count="1" type="stmt"/>
      <line num="225" count="1" type="stmt"/>
      <line num="226" count="1" type="cond" truecount="1" falsecount="1"/>
      <line num="231" count="3" type="cond" truecount="2" falsecount="0"/>
      <line num="232" count="2" type="stmt"/>
      <line num="233" count="2" type="cond" truecount="1" falsecount="1"/>
      <line num="234" count="2" type="cond" truecount="2" falsecount="0"/>
      <line num="235" count="1" type="stmt"/>
      <line num="239" count="1" type="cond" truecount="1" falsecount="1"/>
      <line num="243" count="1" type="stmt"/>
      <line num="244" count="1" type="stmt"/>
      <line num="245" count="1" type="stmt"/>
      <line num="246" count="1" type="stmt"/>
      <line num="247" count="1" type="cond" truecount="1" falsecount="1"/>
      <line num="252" count="3" type="cond" truecount="2" falsecount="0"/>
      <line num="254" count="2" type="stmt"/>
      <line num="255" count="2" type="cond" truecount="1" falsecount="1"/>
      <line num="256" count="2" type="cond" truecount="2" falsecount="0"/>
      <line num="257" count="1" type="stmt"/>
      <line num="260" count="1" type="stmt"/>
      <line num="264" count="22" type="cond" truecount="2" falsecount="0"/>
      <line num="265" count="1" type="stmt"/>
      <line num="267" count="1" type="stmt"/>
      <line num="268" count="1" type="cond" truecount="1" falsecount="1"/>
      <line num="269" count="1" type="cond" truecount="1" falsecount="1"/>
      <line num="270" count="1" type="stmt"/>
      <line num="273" count="1" type="cond" truecount="1" falsecount="1"/>
      <line num="278" count="0" type="stmt"/>
      <line num="279" count="0" type="stmt"/>
      <line num="280" count="0" type="stmt"/>
      <line num="283" count="0" type="stmt"/>
      <line num="284" count="0" type="cond" truecount="0" falsecount="2"/>
      <line num="289" count="1" type="stmt"/>
      <line num="290" count="1" type="cond" truecount="1" falsecount="1"/>
      <line num="291" count="1" type="cond" truecount="1" falsecount="1"/>
      <line num="292" count="0" type="stmt"/>
      <line num="295" count="0" type="cond" truecount="0" falsecount="2"/>
      <line num="300" count="1" type="stmt"/>
      <line num="301" count="1" type="stmt"/>
      <line num="302" count="1" type="stmt"/>
      <line num="305" count="1" type="stmt"/>
      <line num="306" count="1" type="cond" truecount="1" falsecount="1"/>
      <line num="311" count="1" type="stmt"/>
      <line num="312" count="1" type="stmt"/>
      <line num="327" count="1" type="stmt"/>
      <line num="328" count="3" type="cond" truecount="4" falsecount="0"/>
      <line num="329" count="1" type="stmt"/>
      <line num="332" count="2" type="stmt"/>
      <line num="333" count="2" type="stmt"/>
      <line num="334" count="2" type="cond" truecount="1" falsecount="1"/>
      <line num="335" count="2" type="cond" truecount="1" falsecount="1"/>
      <line num="336" count="2" type="stmt"/>
      <line num="337" count="2" type="cond" truecount="1" falsecount="1"/>
      <line num="338" count="2" type="stmt"/>
      <line num="342" count="0" type="stmt"/>
      <line num="343" count="0" type="stmt"/>
      <line num="344" count="0" type="stmt"/>
      <line num="349" count="0" type="stmt"/>
      <line num="350" count="0" type="cond" truecount="0" falsecount="2"/>
      <line num="351" count="0" type="stmt"/>
      <line num="363" count="1" type="stmt"/>
      <line num="364" count="3" type="cond" truecount="4" falsecount="0"/>
      <line num="365" count="1" type="stmt"/>
      <line num="368" count="2" type="stmt"/>
      <line num="369" count="2" type="stmt"/>
      <line num="370" count="2" type="stmt"/>
      <line num="372" count="2" type="stmt"/>
      <line num="374" count="2" type="stmt"/>
      <line num="375" count="2" type="cond" truecount="2" falsecount="0"/>
      <line num="376" count="1" type="stmt"/>
      <line num="379" count="1" type="stmt"/>
      <line num="390" count="1" type="stmt"/>
      <line num="391" count="3" type="cond" truecount="5" falsecount="0"/>
      <line num="392" count="1" type="stmt"/>
      <line num="395" count="2" type="stmt"/>
      <line num="396" count="2" type="stmt"/>
      <line num="397" count="2" type="stmt"/>
      <line num="398" count="2" type="stmt"/>
      <line num="400" count="2" type="stmt"/>
      <line num="401" count="2" type="cond" truecount="1" falsecount="1"/>
      <line num="402" count="2" type="cond" truecount="2" falsecount="0"/>
      <line num="403" count="1" type="stmt"/>
      <line num="408" count="1" type="cond" truecount="1" falsecount="1"/>
      <line num="409" count="1" type="stmt"/>
      <line num="413" count="1" type="stmt"/>
      <line num="414" count="1" type="stmt"/>
      <line num="418" count="1" type="stmt"/>
      <line num="419" count="1" type="stmt"/>
      <line num="420" count="1" type="stmt"/>
      <line num="421" count="1" type="cond" truecount="1" falsecount="1"/>
      <line num="422" count="1" type="stmt"/>
      <line num="430" count="1" type="stmt"/>
      <line num="431" count="3" type="cond" truecount="2" falsecount="0"/>
      <line num="432" count="1" type="stmt"/>
      <line num="435" count="2" type="stmt"/>
      <line num="436" count="2" type="stmt"/>
      <line num="438" count="2" type="stmt"/>
      <line num="439" count="2" type="cond" truecount="1" falsecount="1"/>
      <line num="440" count="2" type="cond" truecount="2" falsecount="0"/>
      <line num="441" count="1" type="stmt"/>
      <line num="444" count="1" type="stmt"/>
      <line num="452" count="1" type="stmt"/>
      <line num="456" count="1" type="stmt"/>
    </file>
  </project>
</coverage>
