{"F:\\PartnerMeBackend\\PartnerMeServer\\functions.js": {"path":"F:\\PartnerMeBackend\\PartnerMeServer\\functions.js","statementMap":{"0":{"start":{"line":1,"column":32},"end":{"line":1,"column":50}},"1":{"start":{"line":2,"column":17},"end":{"line":2,"column":55}},"2":{"start":{"line":4,"column":15},"end":{"line":18,"column":1}},"3":{"start":{"line":20,"column":19},"end":{"line":20,"column":41}},"4":{"start":{"line":23,"column":22},"end":{"line":23,"column":24}},"5":{"start":{"line":24,"column":27},"end":{"line":24,"column":29}},"6":{"start":{"line":25,"column":26},"end":{"line":25,"column":28}},"7":{"start":{"line":26,"column":20},"end":{"line":101,"column":6}},"8":{"start":{"line":29,"column":9},"end":{"line":99,"column":9}},"9":{"start":{"line":30,"column":11},"end":{"line":30,"column":38}},"10":{"start":{"line":32,"column":11},"end":{"line":32,"column":54}},"11":{"start":{"line":33,"column":11},"end":{"line":98,"column":10}},"12":{"start":{"line":34,"column":12},"end":{"line":34,"column":25}},"13":{"start":{"line":37,"column":11},"end":{"line":54,"column":12}},"14":{"start":{"line":37,"column":23},"end":{"line":37,"column":24}},"15":{"start":{"line":38,"column":13},"end":{"line":53,"column":14}},"16":{"start":{"line":40,"column":15},"end":{"line":40,"column":62}},"17":{"start":{"line":43,"column":24},"end":{"line":51,"column":16}},"18":{"start":{"line":52,"column":15},"end":{"line":52,"column":43}},"19":{"start":{"line":56,"column":11},"end":{"line":95,"column":12}},"20":{"start":{"line":56,"column":23},"end":{"line":56,"column":24}},"21":{"start":{"line":57,"column":33},"end":{"line":57,"column":72}},"22":{"start":{"line":58,"column":36},"end":{"line":58,"column":51}},"23":{"start":{"line":61,"column":30},"end":{"line":61,"column":32}},"24":{"start":{"line":62,"column":27},"end":{"line":62,"column":29}},"25":{"start":{"line":64,"column":13},"end":{"line":69,"column":14}},"26":{"start":{"line":64,"column":25},"end":{"line":64,"column":26}},"27":{"start":{"line":65,"column":15},"end":{"line":68,"column":16}},"28":{"start":{"line":66,"column":17},"end":{"line":66,"column":50}},"29":{"start":{"line":67,"column":17},"end":{"line":67,"column":47}},"30":{"start":{"line":70,"column":13},"end":{"line":75,"column":14}},"31":{"start":{"line":70,"column":25},"end":{"line":70,"column":26}},"32":{"start":{"line":71,"column":15},"end":{"line":74,"column":16}},"33":{"start":{"line":72,"column":17},"end":{"line":72,"column":53}},"34":{"start":{"line":73,"column":17},"end":{"line":73,"column":50}},"35":{"start":{"line":77,"column":13},"end":{"line":79,"column":14}},"36":{"start":{"line":77,"column":25},"end":{"line":77,"column":26}},"37":{"start":{"line":78,"column":15},"end":{"line":78,"column":49}},"38":{"start":{"line":80,"column":13},"end":{"line":82,"column":14}},"39":{"start":{"line":80,"column":25},"end":{"line":80,"column":26}},"40":{"start":{"line":81,"column":15},"end":{"line":81,"column":49}},"41":{"start":{"line":84,"column":13},"end":{"line":84,"column":32}},"42":{"start":{"line":85,"column":13},"end":{"line":85,"column":35}},"43":{"start":{"line":86,"column":13},"end":{"line":90,"column":14}},"44":{"start":{"line":87,"column":15},"end":{"line":89,"column":16}},"45":{"start":{"line":88,"column":17},"end":{"line":88,"column":53}},"46":{"start":{"line":91,"column":13},"end":{"line":93,"column":14}},"47":{"start":{"line":92,"column":17},"end":{"line":92,"column":53}},"48":{"start":{"line":94,"column":13},"end":{"line":94,"column":125}},"49":{"start":{"line":96,"column":11},"end":{"line":96,"column":37}},"50":{"start":{"line":97,"column":11},"end":{"line":97,"column":33}},"51":{"start":{"line":102,"column":6},"end":{"line":102,"column":34}},"52":{"start":{"line":106,"column":20},"end":{"line":116,"column":5}},"53":{"start":{"line":109,"column":5},"end":{"line":114,"column":6}},"54":{"start":{"line":110,"column":2},"end":{"line":110,"column":21}},"55":{"start":{"line":112,"column":2},"end":{"line":112,"column":54}},"56":{"start":{"line":113,"column":2},"end":{"line":113,"column":26}},"57":{"start":{"line":117,"column":4},"end":{"line":117,"column":45}},"58":{"start":{"line":121,"column":20},"end":{"line":131,"column":5}},"59":{"start":{"line":124,"column":5},"end":{"line":129,"column":6}},"60":{"start":{"line":125,"column":2},"end":{"line":125,"column":26}},"61":{"start":{"line":127,"column":2},"end":{"line":127,"column":54}},"62":{"start":{"line":128,"column":2},"end":{"line":128,"column":31}},"63":{"start":{"line":132,"column":4},"end":{"line":132,"column":45}},"64":{"start":{"line":137,"column":4},"end":{"line":139,"column":5}},"65":{"start":{"line":138,"column":6},"end":{"line":138,"column":16}},"66":{"start":{"line":140,"column":4},"end":{"line":142,"column":5}},"67":{"start":{"line":141,"column":6},"end":{"line":141,"column":15}},"68":{"start":{"line":143,"column":4},"end":{"line":143,"column":13}},"69":{"start":{"line":146,"column":2},"end":{"line":151,"column":4}}},"fnMap":{"0":{"name":"cosineSim","decl":{"start":{"line":22,"column":9},"end":{"line":22,"column":18}},"loc":{"start":{"line":22,"column":44},"end":{"line":103,"column":3}},"line":22},"1":{"name":"(anonymous_1)","decl":{"start":{"line":28,"column":7},"end":{"line":28,"column":8}},"loc":{"start":{"line":28,"column":32},"end":{"line":100,"column":8}},"line":28},"2":{"name":"queryDatabase","decl":{"start":{"line":105,"column":9},"end":{"line":105,"column":22}},"loc":{"start":{"line":105,"column":40},"end":{"line":118,"column":1}},"line":105},"3":{"name":"(anonymous_3)","decl":{"start":{"line":108,"column":1},"end":{"line":108,"column":2}},"loc":{"start":{"line":108,"column":20},"end":{"line":115,"column":2}},"line":108},"4":{"name":"querySelectDatabase","decl":{"start":{"line":120,"column":9},"end":{"line":120,"column":28}},"loc":{"start":{"line":120,"column":46},"end":{"line":133,"column":1}},"line":120},"5":{"name":"(anonymous_5)","decl":{"start":{"line":123,"column":1},"end":{"line":123,"column":2}},"loc":{"start":{"line":123,"column":26},"end":{"line":130,"column":2}},"line":123},"6":{"name":"compare","decl":{"start":{"line":136,"column":9},"end":{"line":136,"column":16}},"loc":{"start":{"line":136,"column":25},"end":{"line":144,"column":3}},"line":136}},"branchMap":{"0":{"loc":{"start":{"line":29,"column":9},"end":{"line":99,"column":9}},"type":"if","locations":[{"start":{"line":29,"column":9},"end":{"line":99,"column":9}},{"start":{"line":29,"column":9},"end":{"line":99,"column":9}}],"line":29},"1":{"loc":{"start":{"line":33,"column":11},"end":{"line":98,"column":10}},"type":"if","locations":[{"start":{"line":33,"column":11},"end":{"line":98,"column":10}},{"start":{"line":33,"column":11},"end":{"line":98,"column":10}}],"line":33},"2":{"loc":{"start":{"line":38,"column":13},"end":{"line":53,"column":14}},"type":"if","locations":[{"start":{"line":38,"column":13},"end":{"line":53,"column":14}},{"start":{"line":38,"column":13},"end":{"line":53,"column":14}}],"line":38},"3":{"loc":{"start":{"line":65,"column":15},"end":{"line":68,"column":16}},"type":"if","locations":[{"start":{"line":65,"column":15},"end":{"line":68,"column":16}},{"start":{"line":65,"column":15},"end":{"line":68,"column":16}}],"line":65},"4":{"loc":{"start":{"line":71,"column":15},"end":{"line":74,"column":16}},"type":"if","locations":[{"start":{"line":71,"column":15},"end":{"line":74,"column":16}},{"start":{"line":71,"column":15},"end":{"line":74,"column":16}}],"line":71},"5":{"loc":{"start":{"line":87,"column":15},"end":{"line":89,"column":16}},"type":"if","locations":[{"start":{"line":87,"column":15},"end":{"line":89,"column":16}},{"start":{"line":87,"column":15},"end":{"line":89,"column":16}}],"line":87},"6":{"loc":{"start":{"line":109,"column":5},"end":{"line":114,"column":6}},"type":"if","locations":[{"start":{"line":109,"column":5},"end":{"line":114,"column":6}},{"start":{"line":109,"column":5},"end":{"line":114,"column":6}}],"line":109},"7":{"loc":{"start":{"line":124,"column":5},"end":{"line":129,"column":6}},"type":"if","locations":[{"start":{"line":124,"column":5},"end":{"line":129,"column":6}},{"start":{"line":124,"column":5},"end":{"line":129,"column":6}}],"line":124},"8":{"loc":{"start":{"line":137,"column":4},"end":{"line":139,"column":5}},"type":"if","locations":[{"start":{"line":137,"column":4},"end":{"line":139,"column":5}},{"start":{"line":137,"column":4},"end":{"line":139,"column":5}}],"line":137},"9":{"loc":{"start":{"line":140,"column":4},"end":{"line":142,"column":5}},"type":"if","locations":[{"start":{"line":140,"column":4},"end":{"line":142,"column":5}},{"start":{"line":140,"column":4},"end":{"line":142,"column":5}}],"line":140}},"s":{"0":1,"1":1,"2":1,"3":1,"4":1,"5":1,"6":1,"7":1,"8":1,"9":0,"10":1,"11":1,"12":0,"13":1,"14":1,"15":13,"16":1,"17":12,"18":12,"19":1,"20":1,"21":12,"22":12,"23":12,"24":12,"25":12,"26":12,"27":12,"28":12,"29":12,"30":12,"31":12,"32":12,"33":0,"34":0,"35":12,"36":12,"37":12,"38":12,"39":12,"40":12,"41":12,"42":12,"43":12,"44":12,"45":12,"46":12,"47":12,"48":12,"49":1,"50":1,"51":1,"52":2,"53":2,"54":1,"55":1,"56":1,"57":2,"58":2,"59":2,"60":1,"61":1,"62":1,"63":2,"64":11,"65":0,"66":11,"67":0,"68":11,"69":1},"f":{"0":1,"1":1,"2":2,"3":2,"4":2,"5":2,"6":11},"b":{"0":[0,1],"1":[0,1],"2":[1,12],"3":[12,0],"4":[0,12],"5":[12,0],"6":[1,1],"7":[1,1],"8":[0,11],"9":[0,11]},"_coverageSchema":"1a1c01bbd47fc00a2c39e90264f33305004495a9","hash":"494898625e9162e210761914ad4e8d0dfae55d46"}
,"F:\\PartnerMeBackend\\PartnerMeServer\\index.js": {"path":"F:\\PartnerMeBackend\\PartnerMeServer\\index.js","statementMap":{"0":{"start":{"line":1,"column":0},"end":{"line":1,"column":59}},"1":{"start":{"line":2,"column":16},"end":{"line":2,"column":34}},"2":{"start":{"line":3,"column":16},"end":{"line":3,"column":34}},"3":{"start":{"line":4,"column":13},"end":{"line":4,"column":35}},"4":{"start":{"line":5,"column":12},"end":{"line":5,"column":21}},"5":{"start":{"line":9,"column":22},"end":{"line":9,"column":40}},"6":{"start":{"line":10,"column":12},"end":{"line":10,"column":114}},"7":{"start":{"line":11,"column":15},"end":{"line":11,"column":35}},"8":{"start":{"line":12,"column":0},"end":{"line":12,"column":17}},"9":{"start":{"line":15,"column":17},"end":{"line":15,"column":39}},"10":{"start":{"line":16,"column":0},"end":{"line":16,"column":27}},"11":{"start":{"line":17,"column":0},"end":{"line":17,"column":50}},"12":{"start":{"line":18,"column":32},"end":{"line":18,"column":54}},"13":{"start":{"line":20,"column":0},"end":{"line":20,"column":24}},"14":{"start":{"line":22,"column":12},"end":{"line":22,"column":37}},"15":{"start":{"line":23,"column":21},"end":{"line":23,"column":50}},"16":{"start":{"line":24,"column":0},"end":{"line":27,"column":3}},"17":{"start":{"line":36,"column":0},"end":{"line":38,"column":3}},"18":{"start":{"line":37,"column":4},"end":{"line":37,"column":27}},"19":{"start":{"line":42,"column":0},"end":{"line":58,"column":3}},"20":{"start":{"line":43,"column":2},"end":{"line":57,"column":3}},"21":{"start":{"line":44,"column":4},"end":{"line":44,"column":96}},"22":{"start":{"line":47,"column":22},"end":{"line":48,"column":156}},"23":{"start":{"line":49,"column":6},"end":{"line":56,"column":9}},"24":{"start":{"line":50,"column":3},"end":{"line":55,"column":4}},"25":{"start":{"line":51,"column":7},"end":{"line":51,"column":34}},"26":{"start":{"line":52,"column":7},"end":{"line":52,"column":107}},"27":{"start":{"line":54,"column":7},"end":{"line":54,"column":41}},"28":{"start":{"line":60,"column":0},"end":{"line":77,"column":2}},"29":{"start":{"line":61,"column":1},"end":{"line":75,"column":2}},"30":{"start":{"line":62,"column":2},"end":{"line":62,"column":101}},"31":{"start":{"line":65,"column":18},"end":{"line":65,"column":98}},"32":{"start":{"line":66,"column":2},"end":{"line":74,"column":5}},"33":{"start":{"line":67,"column":3},"end":{"line":73,"column":4}},"34":{"start":{"line":68,"column":4},"end":{"line":68,"column":31}},"35":{"start":{"line":69,"column":9},"end":{"line":69,"column":109}},"36":{"start":{"line":72,"column":4},"end":{"line":72,"column":37}},"37":{"start":{"line":79,"column":0},"end":{"line":103,"column":3}},"38":{"start":{"line":80,"column":4},"end":{"line":102,"column":5}},"39":{"start":{"line":81,"column":1},"end":{"line":81,"column":78}},"40":{"start":{"line":84,"column":17},"end":{"line":84,"column":76}},"41":{"start":{"line":85,"column":1},"end":{"line":101,"column":4}},"42":{"start":{"line":86,"column":2},"end":{"line":86,"column":24}},"43":{"start":{"line":87,"column":2},"end":{"line":89,"column":3}},"44":{"start":{"line":88,"column":2},"end":{"line":88,"column":82}},"45":{"start":{"line":90,"column":13},"end":{"line":99,"column":3}},"46":{"start":{"line":100,"column":2},"end":{"line":100,"column":32}},"47":{"start":{"line":107,"column":0},"end":{"line":127,"column":3}},"48":{"start":{"line":109,"column":4},"end":{"line":126,"column":5}},"49":{"start":{"line":110,"column":1},"end":{"line":110,"column":73}},"50":{"start":{"line":113,"column":17},"end":{"line":113,"column":76}},"51":{"start":{"line":114,"column":1},"end":{"line":125,"column":4}},"52":{"start":{"line":115,"column":5},"end":{"line":124,"column":2}},"53":{"start":{"line":116,"column":2},"end":{"line":116,"column":29}},"54":{"start":{"line":118,"column":2},"end":{"line":123,"column":3}},"55":{"start":{"line":119,"column":6},"end":{"line":119,"column":40}},"56":{"start":{"line":122,"column":6},"end":{"line":122,"column":41}},"57":{"start":{"line":129,"column":0},"end":{"line":147,"column":3}},"58":{"start":{"line":132,"column":4},"end":{"line":146,"column":5}},"59":{"start":{"line":133,"column":2},"end":{"line":133,"column":98}},"60":{"start":{"line":136,"column":17},"end":{"line":136,"column":257}},"61":{"start":{"line":138,"column":1},"end":{"line":145,"column":4}},"62":{"start":{"line":139,"column":5},"end":{"line":144,"column":6}},"63":{"start":{"line":140,"column":2},"end":{"line":140,"column":21}},"64":{"start":{"line":141,"column":2},"end":{"line":141,"column":98}},"65":{"start":{"line":143,"column":2},"end":{"line":143,"column":40}},"66":{"start":{"line":157,"column":0},"end":{"line":168,"column":3}},"67":{"start":{"line":158,"column":4},"end":{"line":167,"column":2}},"68":{"start":{"line":159,"column":1},"end":{"line":159,"column":81}},"69":{"start":{"line":162,"column":18},"end":{"line":162,"column":115}},"70":{"start":{"line":164,"column":2},"end":{"line":166,"column":5}},"71":{"start":{"line":165,"column":3},"end":{"line":165,"column":49}},"72":{"start":{"line":174,"column":0},"end":{"line":321,"column":3}},"73":{"start":{"line":175,"column":4},"end":{"line":320,"column":1}},"74":{"start":{"line":176,"column":1},"end":{"line":176,"column":84}},"75":{"start":{"line":179,"column":20},"end":{"line":179,"column":34}},"76":{"start":{"line":180,"column":4},"end":{"line":195,"column":9}},"77":{"start":{"line":181,"column":22},"end":{"line":186,"column":9}},"78":{"start":{"line":188,"column":8},"end":{"line":194,"column":13}},"79":{"start":{"line":190,"column":10},"end":{"line":190,"column":62}},"80":{"start":{"line":193,"column":10},"end":{"line":193,"column":55}},"81":{"start":{"line":196,"column":22},"end":{"line":196,"column":68}},"82":{"start":{"line":197,"column":24},"end":{"line":197,"column":72}},"83":{"start":{"line":198,"column":15},"end":{"line":198,"column":20}},"84":{"start":{"line":199,"column":4},"end":{"line":319,"column":10}},"85":{"start":{"line":201,"column":1},"end":{"line":318,"column":4}},"86":{"start":{"line":202,"column":5},"end":{"line":202,"column":23}},"87":{"start":{"line":202,"column":13},"end":{"line":202,"column":23}},"88":{"start":{"line":204,"column":5},"end":{"line":229,"column":6}},"89":{"start":{"line":205,"column":2},"end":{"line":205,"column":47}},"90":{"start":{"line":206,"column":2},"end":{"line":208,"column":4}},"91":{"start":{"line":207,"column":6},"end":{"line":207,"column":24}},"92":{"start":{"line":207,"column":14},"end":{"line":207,"column":24}},"93":{"start":{"line":211,"column":2},"end":{"line":211,"column":30}},"94":{"start":{"line":213,"column":2},"end":{"line":220,"column":5}},"95":{"start":{"line":214,"column":6},"end":{"line":219,"column":7}},"96":{"start":{"line":215,"column":3},"end":{"line":218,"column":4}},"97":{"start":{"line":216,"column":7},"end":{"line":216,"column":79}},"98":{"start":{"line":217,"column":7},"end":{"line":217,"column":19}},"99":{"start":{"line":221,"column":2},"end":{"line":228,"column":3}},"100":{"start":{"line":223,"column":6},"end":{"line":223,"column":53}},"101":{"start":{"line":224,"column":19},"end":{"line":224,"column":54}},"102":{"start":{"line":225,"column":6},"end":{"line":227,"column":8}},"103":{"start":{"line":226,"column":3},"end":{"line":226,"column":22}},"104":{"start":{"line":226,"column":12},"end":{"line":226,"column":22}},"105":{"start":{"line":231,"column":5},"end":{"line":251,"column":6}},"106":{"start":{"line":232,"column":2},"end":{"line":250,"column":4}},"107":{"start":{"line":233,"column":6},"end":{"line":233,"column":24}},"108":{"start":{"line":233,"column":14},"end":{"line":233,"column":24}},"109":{"start":{"line":234,"column":6},"end":{"line":249,"column":7}},"110":{"start":{"line":235,"column":3},"end":{"line":240,"column":9}},"111":{"start":{"line":239,"column":4},"end":{"line":239,"column":23}},"112":{"start":{"line":239,"column":13},"end":{"line":239,"column":23}},"113":{"start":{"line":243,"column":21},"end":{"line":243,"column":38}},"114":{"start":{"line":244,"column":3},"end":{"line":244,"column":51}},"115":{"start":{"line":245,"column":3},"end":{"line":245,"column":51}},"116":{"start":{"line":246,"column":3},"end":{"line":248,"column":5}},"117":{"start":{"line":247,"column":7},"end":{"line":247,"column":25}},"118":{"start":{"line":247,"column":16},"end":{"line":247,"column":25}},"119":{"start":{"line":252,"column":5},"end":{"line":317,"column":6}},"120":{"start":{"line":254,"column":2},"end":{"line":316,"column":4}},"121":{"start":{"line":255,"column":6},"end":{"line":255,"column":24}},"122":{"start":{"line":255,"column":14},"end":{"line":255,"column":24}},"123":{"start":{"line":256,"column":6},"end":{"line":315,"column":7}},"124":{"start":{"line":257,"column":3},"end":{"line":257,"column":104}},"125":{"start":{"line":260,"column":3},"end":{"line":314,"column":6}},"126":{"start":{"line":264,"column":7},"end":{"line":313,"column":8}},"127":{"start":{"line":265,"column":24},"end":{"line":265,"column":72}},"128":{"start":{"line":267,"column":4},"end":{"line":287,"column":6}},"129":{"start":{"line":268,"column":8},"end":{"line":268,"column":26}},"130":{"start":{"line":268,"column":16},"end":{"line":268,"column":26}},"131":{"start":{"line":269,"column":8},"end":{"line":286,"column":9}},"132":{"start":{"line":270,"column":5},"end":{"line":275,"column":6}},"133":{"start":{"line":273,"column":6},"end":{"line":273,"column":24}},"134":{"start":{"line":273,"column":14},"end":{"line":273,"column":24}},"135":{"start":{"line":278,"column":23},"end":{"line":278,"column":41}},"136":{"start":{"line":279,"column":5},"end":{"line":279,"column":53}},"137":{"start":{"line":280,"column":5},"end":{"line":282,"column":6}},"138":{"start":{"line":283,"column":5},"end":{"line":285,"column":7}},"139":{"start":{"line":284,"column":9},"end":{"line":284,"column":27}},"140":{"start":{"line":284,"column":17},"end":{"line":284,"column":27}},"141":{"start":{"line":289,"column":4},"end":{"line":309,"column":6}},"142":{"start":{"line":290,"column":8},"end":{"line":290,"column":26}},"143":{"start":{"line":290,"column":16},"end":{"line":290,"column":26}},"144":{"start":{"line":291,"column":8},"end":{"line":308,"column":9}},"145":{"start":{"line":292,"column":5},"end":{"line":297,"column":7}},"146":{"start":{"line":295,"column":6},"end":{"line":295,"column":24}},"147":{"start":{"line":295,"column":14},"end":{"line":295,"column":24}},"148":{"start":{"line":300,"column":23},"end":{"line":300,"column":41}},"149":{"start":{"line":301,"column":5},"end":{"line":301,"column":55}},"150":{"start":{"line":302,"column":5},"end":{"line":304,"column":6}},"151":{"start":{"line":305,"column":5},"end":{"line":307,"column":8}},"152":{"start":{"line":306,"column":9},"end":{"line":306,"column":27}},"153":{"start":{"line":306,"column":17},"end":{"line":306,"column":27}},"154":{"start":{"line":311,"column":4},"end":{"line":311,"column":72}},"155":{"start":{"line":312,"column":4},"end":{"line":312,"column":16}},"156":{"start":{"line":327,"column":0},"end":{"line":356,"column":3}},"157":{"start":{"line":328,"column":4},"end":{"line":355,"column":5}},"158":{"start":{"line":329,"column":1},"end":{"line":329,"column":71}},"159":{"start":{"line":332,"column":21},"end":{"line":332,"column":69}},"160":{"start":{"line":333,"column":1},"end":{"line":354,"column":3}},"161":{"start":{"line":334,"column":5},"end":{"line":334,"column":23}},"162":{"start":{"line":334,"column":13},"end":{"line":334,"column":23}},"163":{"start":{"line":335,"column":5},"end":{"line":353,"column":6}},"164":{"start":{"line":336,"column":2},"end":{"line":339,"column":5}},"165":{"start":{"line":337,"column":6},"end":{"line":337,"column":24}},"166":{"start":{"line":337,"column":14},"end":{"line":337,"column":24}},"167":{"start":{"line":338,"column":6},"end":{"line":338,"column":109}},"168":{"start":{"line":342,"column":20},"end":{"line":342,"column":36}},"169":{"start":{"line":343,"column":2},"end":{"line":343,"column":50}},"170":{"start":{"line":344,"column":15},"end":{"line":348,"column":3}},"171":{"start":{"line":349,"column":2},"end":{"line":352,"column":5}},"172":{"start":{"line":350,"column":6},"end":{"line":350,"column":24}},"173":{"start":{"line":350,"column":14},"end":{"line":350,"column":24}},"174":{"start":{"line":351,"column":6},"end":{"line":351,"column":97}},"175":{"start":{"line":363,"column":0},"end":{"line":384,"column":3}},"176":{"start":{"line":364,"column":4},"end":{"line":383,"column":5}},"177":{"start":{"line":365,"column":1},"end":{"line":365,"column":98}},"178":{"start":{"line":368,"column":13},"end":{"line":368,"column":55}},"179":{"start":{"line":369,"column":1},"end":{"line":369,"column":14}},"180":{"start":{"line":370,"column":17},"end":{"line":370,"column":58}},"181":{"start":{"line":372,"column":1},"end":{"line":382,"column":9}},"182":{"start":{"line":374,"column":5},"end":{"line":381,"column":8}},"183":{"start":{"line":375,"column":8},"end":{"line":380,"column":3}},"184":{"start":{"line":376,"column":10},"end":{"line":376,"column":44}},"185":{"start":{"line":379,"column":2},"end":{"line":379,"column":49}},"186":{"start":{"line":390,"column":0},"end":{"line":428,"column":3}},"187":{"start":{"line":391,"column":4},"end":{"line":427,"column":1}},"188":{"start":{"line":392,"column":1},"end":{"line":392,"column":103}},"189":{"start":{"line":395,"column":16},"end":{"line":395,"column":58}},"190":{"start":{"line":396,"column":4},"end":{"line":396,"column":17}},"191":{"start":{"line":397,"column":20},"end":{"line":397,"column":61}},"192":{"start":{"line":398,"column":4},"end":{"line":426,"column":8}},"193":{"start":{"line":400,"column":1},"end":{"line":425,"column":3}},"194":{"start":{"line":401,"column":5},"end":{"line":401,"column":23}},"195":{"start":{"line":401,"column":13},"end":{"line":401,"column":23}},"196":{"start":{"line":402,"column":5},"end":{"line":424,"column":6}},"197":{"start":{"line":403,"column":2},"end":{"line":410,"column":11}},"198":{"start":{"line":408,"column":5},"end":{"line":408,"column":24}},"199":{"start":{"line":408,"column":14},"end":{"line":408,"column":24}},"200":{"start":{"line":409,"column":5},"end":{"line":409,"column":97}},"201":{"start":{"line":413,"column":16},"end":{"line":413,"column":28}},"202":{"start":{"line":414,"column":16},"end":{"line":417,"column":3}},"203":{"start":{"line":418,"column":2},"end":{"line":418,"column":24}},"204":{"start":{"line":419,"column":15},"end":{"line":419,"column":44}},"205":{"start":{"line":420,"column":2},"end":{"line":423,"column":4}},"206":{"start":{"line":421,"column":6},"end":{"line":421,"column":25}},"207":{"start":{"line":421,"column":15},"end":{"line":421,"column":25}},"208":{"start":{"line":422,"column":6},"end":{"line":422,"column":47}},"209":{"start":{"line":430,"column":0},"end":{"line":449,"column":3}},"210":{"start":{"line":431,"column":4},"end":{"line":448,"column":1}},"211":{"start":{"line":432,"column":1},"end":{"line":432,"column":86}},"212":{"start":{"line":435,"column":24},"end":{"line":435,"column":72}},"213":{"start":{"line":436,"column":4},"end":{"line":447,"column":9}},"214":{"start":{"line":438,"column":1},"end":{"line":446,"column":4}},"215":{"start":{"line":439,"column":5},"end":{"line":439,"column":23}},"216":{"start":{"line":439,"column":13},"end":{"line":439,"column":23}},"217":{"start":{"line":440,"column":5},"end":{"line":445,"column":6}},"218":{"start":{"line":441,"column":2},"end":{"line":441,"column":25}},"219":{"start":{"line":444,"column":2},"end":{"line":444,"column":57}},"220":{"start":{"line":452,"column":0},"end":{"line":454,"column":4}},"221":{"start":{"line":456,"column":0},"end":{"line":456,"column":21}}},"fnMap":{"0":{"name":"(anonymous_0)","decl":{"start":{"line":36,"column":13},"end":{"line":36,"column":14}},"loc":{"start":{"line":36,"column":36},"end":{"line":38,"column":1}},"line":36},"1":{"name":"(anonymous_1)","decl":{"start":{"line":42,"column":25},"end":{"line":42,"column":26}},"loc":{"start":{"line":42,"column":46},"end":{"line":58,"column":1}},"line":42},"2":{"name":"(anonymous_2)","decl":{"start":{"line":49,"column":36},"end":{"line":49,"column":37}},"loc":{"start":{"line":49,"column":59},"end":{"line":56,"column":7}},"line":49},"3":{"name":"(anonymous_3)","decl":{"start":{"line":60,"column":30},"end":{"line":60,"column":31}},"loc":{"start":{"line":60,"column":48},"end":{"line":77,"column":1}},"line":60},"4":{"name":"(anonymous_4)","decl":{"start":{"line":66,"column":32},"end":{"line":66,"column":33}},"loc":{"start":{"line":66,"column":55},"end":{"line":74,"column":3}},"line":66},"5":{"name":"(anonymous_5)","decl":{"start":{"line":79,"column":31},"end":{"line":79,"column":32}},"loc":{"start":{"line":79,"column":51},"end":{"line":103,"column":1}},"line":79},"6":{"name":"(anonymous_6)","decl":{"start":{"line":85,"column":37},"end":{"line":85,"column":38}},"loc":{"start":{"line":85,"column":66},"end":{"line":101,"column":2}},"line":85},"7":{"name":"(anonymous_7)","decl":{"start":{"line":107,"column":24},"end":{"line":107,"column":25}},"loc":{"start":{"line":107,"column":45},"end":{"line":127,"column":1}},"line":107},"8":{"name":"(anonymous_8)","decl":{"start":{"line":114,"column":31},"end":{"line":114,"column":32}},"loc":{"start":{"line":114,"column":54},"end":{"line":125,"column":2}},"line":114},"9":{"name":"(anonymous_9)","decl":{"start":{"line":129,"column":25},"end":{"line":129,"column":26}},"loc":{"start":{"line":129,"column":46},"end":{"line":147,"column":1}},"line":129},"10":{"name":"(anonymous_10)","decl":{"start":{"line":138,"column":37},"end":{"line":138,"column":38}},"loc":{"start":{"line":138,"column":66},"end":{"line":145,"column":2}},"line":138},"11":{"name":"(anonymous_11)","decl":{"start":{"line":157,"column":31},"end":{"line":157,"column":32}},"loc":{"start":{"line":157,"column":50},"end":{"line":168,"column":1}},"line":157},"12":{"name":"(anonymous_12)","decl":{"start":{"line":164,"column":33},"end":{"line":164,"column":34}},"loc":{"start":{"line":164,"column":49},"end":{"line":166,"column":3}},"line":164},"13":{"name":"(anonymous_13)","decl":{"start":{"line":174,"column":33},"end":{"line":174,"column":34}},"loc":{"start":{"line":174,"column":49},"end":{"line":321,"column":1}},"line":174},"14":{"name":"(anonymous_14)","decl":{"start":{"line":189,"column":16},"end":{"line":189,"column":17}},"loc":{"start":{"line":189,"column":35},"end":{"line":191,"column":11}},"line":189},"15":{"name":"(anonymous_15)","decl":{"start":{"line":192,"column":17},"end":{"line":192,"column":18}},"loc":{"start":{"line":192,"column":33},"end":{"line":194,"column":11}},"line":192},"16":{"name":"(anonymous_16)","decl":{"start":{"line":199,"column":15},"end":{"line":199,"column":16}},"loc":{"start":{"line":199,"column":26},"end":{"line":319,"column":2}},"line":199},"17":{"name":"(anonymous_17)","decl":{"start":{"line":201,"column":54},"end":{"line":201,"column":55}},"loc":{"start":{"line":201,"column":74},"end":{"line":318,"column":2}},"line":201},"18":{"name":"(anonymous_18)","decl":{"start":{"line":206,"column":83},"end":{"line":206,"column":84}},"loc":{"start":{"line":206,"column":103},"end":{"line":208,"column":3}},"line":206},"19":{"name":"(anonymous_19)","decl":{"start":{"line":213,"column":26},"end":{"line":213,"column":27}},"loc":{"start":{"line":213,"column":37},"end":{"line":220,"column":3}},"line":213},"20":{"name":"(anonymous_20)","decl":{"start":{"line":225,"column":76},"end":{"line":225,"column":77}},"loc":{"start":{"line":225,"column":97},"end":{"line":227,"column":7}},"line":225},"21":{"name":"(anonymous_21)","decl":{"start":{"line":232,"column":56},"end":{"line":232,"column":57}},"loc":{"start":{"line":232,"column":76},"end":{"line":250,"column":3}},"line":232},"22":{"name":"(anonymous_22)","decl":{"start":{"line":238,"column":9},"end":{"line":238,"column":10}},"loc":{"start":{"line":238,"column":29},"end":{"line":240,"column":8}},"line":238},"23":{"name":"(anonymous_23)","decl":{"start":{"line":246,"column":75},"end":{"line":246,"column":76}},"loc":{"start":{"line":246,"column":96},"end":{"line":248,"column":4}},"line":246},"24":{"name":"(anonymous_24)","decl":{"start":{"line":254,"column":53},"end":{"line":254,"column":54}},"loc":{"start":{"line":254,"column":72},"end":{"line":316,"column":3}},"line":254},"25":{"name":"(anonymous_25)","decl":{"start":{"line":260,"column":26},"end":{"line":260,"column":27}},"loc":{"start":{"line":260,"column":36},"end":{"line":314,"column":4}},"line":260},"26":{"name":"(anonymous_26)","decl":{"start":{"line":267,"column":58},"end":{"line":267,"column":59}},"loc":{"start":{"line":267,"column":79},"end":{"line":287,"column":5}},"line":267},"27":{"name":"(anonymous_27)","decl":{"start":{"line":272,"column":9},"end":{"line":272,"column":10}},"loc":{"start":{"line":272,"column":22},"end":{"line":274,"column":10}},"line":272},"28":{"name":"(anonymous_28)","decl":{"start":{"line":283,"column":77},"end":{"line":283,"column":78}},"loc":{"start":{"line":283,"column":104},"end":{"line":285,"column":6}},"line":283},"29":{"name":"(anonymous_29)","decl":{"start":{"line":289,"column":56},"end":{"line":289,"column":57}},"loc":{"start":{"line":289,"column":77},"end":{"line":309,"column":5}},"line":289},"30":{"name":"(anonymous_30)","decl":{"start":{"line":294,"column":9},"end":{"line":294,"column":10}},"loc":{"start":{"line":294,"column":22},"end":{"line":296,"column":10}},"line":294},"31":{"name":"(anonymous_31)","decl":{"start":{"line":305,"column":75},"end":{"line":305,"column":76}},"loc":{"start":{"line":305,"column":102},"end":{"line":307,"column":6}},"line":305},"32":{"name":"(anonymous_32)","decl":{"start":{"line":327,"column":32},"end":{"line":327,"column":33}},"loc":{"start":{"line":327,"column":48},"end":{"line":356,"column":1}},"line":327},"33":{"name":"(anonymous_33)","decl":{"start":{"line":333,"column":56},"end":{"line":333,"column":57}},"loc":{"start":{"line":333,"column":74},"end":{"line":354,"column":2}},"line":333},"34":{"name":"(anonymous_34)","decl":{"start":{"line":336,"column":108},"end":{"line":336,"column":109}},"loc":{"start":{"line":336,"column":121},"end":{"line":339,"column":3}},"line":336},"35":{"name":"(anonymous_35)","decl":{"start":{"line":349,"column":75},"end":{"line":349,"column":76}},"loc":{"start":{"line":349,"column":88},"end":{"line":352,"column":3}},"line":349},"36":{"name":"(anonymous_36)","decl":{"start":{"line":363,"column":30},"end":{"line":363,"column":31}},"loc":{"start":{"line":363,"column":46},"end":{"line":384,"column":1}},"line":363},"37":{"name":"(anonymous_37)","decl":{"start":{"line":372,"column":12},"end":{"line":372,"column":13}},"loc":{"start":{"line":372,"column":23},"end":{"line":382,"column":2}},"line":372},"38":{"name":"(anonymous_38)","decl":{"start":{"line":374,"column":65},"end":{"line":374,"column":66}},"loc":{"start":{"line":374,"column":85},"end":{"line":381,"column":6}},"line":374},"39":{"name":"(anonymous_39)","decl":{"start":{"line":390,"column":34},"end":{"line":390,"column":35}},"loc":{"start":{"line":390,"column":51},"end":{"line":428,"column":1}},"line":390},"40":{"name":"(anonymous_40)","decl":{"start":{"line":398,"column":15},"end":{"line":398,"column":16}},"loc":{"start":{"line":398,"column":26},"end":{"line":426,"column":2}},"line":398},"41":{"name":"(anonymous_41)","decl":{"start":{"line":400,"column":61},"end":{"line":400,"column":62}},"loc":{"start":{"line":400,"column":80},"end":{"line":425,"column":2}},"line":400},"42":{"name":"(anonymous_42)","decl":{"start":{"line":407,"column":8},"end":{"line":407,"column":9}},"loc":{"start":{"line":407,"column":28},"end":{"line":410,"column":9}},"line":407},"43":{"name":"(anonymous_43)","decl":{"start":{"line":420,"column":79},"end":{"line":420,"column":80}},"loc":{"start":{"line":420,"column":92},"end":{"line":423,"column":3}},"line":420},"44":{"name":"(anonymous_44)","decl":{"start":{"line":430,"column":34},"end":{"line":430,"column":35}},"loc":{"start":{"line":430,"column":50},"end":{"line":449,"column":1}},"line":430},"45":{"name":"(anonymous_45)","decl":{"start":{"line":436,"column":15},"end":{"line":436,"column":16}},"loc":{"start":{"line":436,"column":26},"end":{"line":447,"column":2}},"line":436},"46":{"name":"(anonymous_46)","decl":{"start":{"line":438,"column":56},"end":{"line":438,"column":57}},"loc":{"start":{"line":438,"column":76},"end":{"line":446,"column":2}},"line":438}},"branchMap":{"0":{"loc":{"start":{"line":43,"column":2},"end":{"line":57,"column":3}},"type":"if","locations":[{"start":{"line":43,"column":2},"end":{"line":57,"column":3}},{"start":{"line":43,"column":2},"end":{"line":57,"column":3}}],"line":43},"1":{"loc":{"start":{"line":43,"column":5},"end":{"line":43,"column":222}},"type":"binary-expr","locations":[{"start":{"line":43,"column":5},"end":{"line":43,"column":35}},{"start":{"line":43,"column":39},"end":{"line":43,"column":70}},{"start":{"line":43,"column":74},"end":{"line":43,"column":108}},{"start":{"line":43,"column":112},"end":{"line":43,"column":150}},{"start":{"line":43,"column":154},"end":{"line":43,"column":187}},{"start":{"line":43,"column":191},"end":{"line":43,"column":222}}],"line":43},"2":{"loc":{"start":{"line":50,"column":3},"end":{"line":55,"column":4}},"type":"if","locations":[{"start":{"line":50,"column":3},"end":{"line":55,"column":4}},{"start":{"line":50,"column":3},"end":{"line":55,"column":4}}],"line":50},"3":{"loc":{"start":{"line":61,"column":1},"end":{"line":75,"column":2}},"type":"if","locations":[{"start":{"line":61,"column":1},"end":{"line":75,"column":2}},{"start":{"line":61,"column":1},"end":{"line":75,"column":2}}],"line":61},"4":{"loc":{"start":{"line":61,"column":4},"end":{"line":61,"column":62}},"type":"binary-expr","locations":[{"start":{"line":61,"column":4},"end":{"line":61,"column":31}},{"start":{"line":61,"column":35},"end":{"line":61,"column":62}}],"line":61},"5":{"loc":{"start":{"line":67,"column":3},"end":{"line":73,"column":4}},"type":"if","locations":[{"start":{"line":67,"column":3},"end":{"line":73,"column":4}},{"start":{"line":67,"column":3},"end":{"line":73,"column":4}}],"line":67},"6":{"loc":{"start":{"line":80,"column":4},"end":{"line":102,"column":5}},"type":"if","locations":[{"start":{"line":80,"column":4},"end":{"line":102,"column":5}},{"start":{"line":80,"column":4},"end":{"line":102,"column":5}}],"line":80},"7":{"loc":{"start":{"line":87,"column":2},"end":{"line":89,"column":3}},"type":"if","locations":[{"start":{"line":87,"column":2},"end":{"line":89,"column":3}},{"start":{"line":87,"column":2},"end":{"line":89,"column":3}}],"line":87},"8":{"loc":{"start":{"line":109,"column":4},"end":{"line":126,"column":5}},"type":"if","locations":[{"start":{"line":109,"column":4},"end":{"line":126,"column":5}},{"start":{"line":109,"column":4},"end":{"line":126,"column":5}}],"line":109},"9":{"loc":{"start":{"line":115,"column":5},"end":{"line":124,"column":2}},"type":"if","locations":[{"start":{"line":115,"column":5},"end":{"line":124,"column":2}},{"start":{"line":115,"column":5},"end":{"line":124,"column":2}}],"line":115},"10":{"loc":{"start":{"line":118,"column":2},"end":{"line":123,"column":3}},"type":"if","locations":[{"start":{"line":118,"column":2},"end":{"line":123,"column":3}},{"start":{"line":118,"column":2},"end":{"line":123,"column":3}}],"line":118},"11":{"loc":{"start":{"line":132,"column":4},"end":{"line":146,"column":5}},"type":"if","locations":[{"start":{"line":132,"column":4},"end":{"line":146,"column":5}},{"start":{"line":132,"column":4},"end":{"line":146,"column":5}}],"line":132},"12":{"loc":{"start":{"line":132,"column":7},"end":{"line":132,"column":224}},"type":"binary-expr","locations":[{"start":{"line":132,"column":7},"end":{"line":132,"column":37}},{"start":{"line":132,"column":41},"end":{"line":132,"column":72}},{"start":{"line":132,"column":76},"end":{"line":132,"column":110}},{"start":{"line":132,"column":114},"end":{"line":132,"column":152}},{"start":{"line":132,"column":156},"end":{"line":132,"column":189}},{"start":{"line":132,"column":193},"end":{"line":132,"column":224}}],"line":132},"13":{"loc":{"start":{"line":139,"column":5},"end":{"line":144,"column":6}},"type":"if","locations":[{"start":{"line":139,"column":5},"end":{"line":144,"column":6}},{"start":{"line":139,"column":5},"end":{"line":144,"column":6}}],"line":139},"14":{"loc":{"start":{"line":158,"column":4},"end":{"line":167,"column":2}},"type":"if","locations":[{"start":{"line":158,"column":4},"end":{"line":167,"column":2}},{"start":{"line":158,"column":4},"end":{"line":167,"column":2}}],"line":158},"15":{"loc":{"start":{"line":175,"column":4},"end":{"line":320,"column":1}},"type":"if","locations":[{"start":{"line":175,"column":4},"end":{"line":320,"column":1}},{"start":{"line":175,"column":4},"end":{"line":320,"column":1}}],"line":175},"16":{"loc":{"start":{"line":175,"column":7},"end":{"line":175,"column":106}},"type":"binary-expr","locations":[{"start":{"line":175,"column":7},"end":{"line":175,"column":40}},{"start":{"line":175,"column":44},"end":{"line":175,"column":75}},{"start":{"line":175,"column":79},"end":{"line":175,"column":106}}],"line":175},"17":{"loc":{"start":{"line":180,"column":4},"end":{"line":195,"column":9}},"type":"if","locations":[{"start":{"line":180,"column":4},"end":{"line":195,"column":9}},{"start":{"line":180,"column":4},"end":{"line":195,"column":9}}],"line":180},"18":{"loc":{"start":{"line":202,"column":5},"end":{"line":202,"column":23}},"type":"if","locations":[{"start":{"line":202,"column":5},"end":{"line":202,"column":23}},{"start":{"line":202,"column":5},"end":{"line":202,"column":23}}],"line":202},"19":{"loc":{"start":{"line":204,"column":5},"end":{"line":229,"column":6}},"type":"if","locations":[{"start":{"line":204,"column":5},"end":{"line":229,"column":6}},{"start":{"line":204,"column":5},"end":{"line":229,"column":6}}],"line":204},"20":{"loc":{"start":{"line":207,"column":6},"end":{"line":207,"column":24}},"type":"if","locations":[{"start":{"line":207,"column":6},"end":{"line":207,"column":24}},{"start":{"line":207,"column":6},"end":{"line":207,"column":24}}],"line":207},"21":{"loc":{"start":{"line":214,"column":6},"end":{"line":219,"column":7}},"type":"if","locations":[{"start":{"line":214,"column":6},"end":{"line":219,"column":7}},{"start":{"line":214,"column":6},"end":{"line":219,"column":7}}],"line":214},"22":{"loc":{"start":{"line":215,"column":3},"end":{"line":218,"column":4}},"type":"if","locations":[{"start":{"line":215,"column":3},"end":{"line":218,"column":4}},{"start":{"line":215,"column":3},"end":{"line":218,"column":4}}],"line":215},"23":{"loc":{"start":{"line":221,"column":2},"end":{"line":228,"column":3}},"type":"if","locations":[{"start":{"line":221,"column":2},"end":{"line":228,"column":3}},{"start":{"line":221,"column":2},"end":{"line":228,"column":3}}],"line":221},"24":{"loc":{"start":{"line":226,"column":3},"end":{"line":226,"column":22}},"type":"if","locations":[{"start":{"line":226,"column":3},"end":{"line":226,"column":22}},{"start":{"line":226,"column":3},"end":{"line":226,"column":22}}],"line":226},"25":{"loc":{"start":{"line":231,"column":5},"end":{"line":251,"column":6}},"type":"if","locations":[{"start":{"line":231,"column":5},"end":{"line":251,"column":6}},{"start":{"line":231,"column":5},"end":{"line":251,"column":6}}],"line":231},"26":{"loc":{"start":{"line":233,"column":6},"end":{"line":233,"column":24}},"type":"if","locations":[{"start":{"line":233,"column":6},"end":{"line":233,"column":24}},{"start":{"line":233,"column":6},"end":{"line":233,"column":24}}],"line":233},"27":{"loc":{"start":{"line":234,"column":6},"end":{"line":249,"column":7}},"type":"if","locations":[{"start":{"line":234,"column":6},"end":{"line":249,"column":7}},{"start":{"line":234,"column":6},"end":{"line":249,"column":7}}],"line":234},"28":{"loc":{"start":{"line":239,"column":4},"end":{"line":239,"column":23}},"type":"if","locations":[{"start":{"line":239,"column":4},"end":{"line":239,"column":23}},{"start":{"line":239,"column":4},"end":{"line":239,"column":23}}],"line":239},"29":{"loc":{"start":{"line":247,"column":7},"end":{"line":247,"column":25}},"type":"if","locations":[{"start":{"line":247,"column":7},"end":{"line":247,"column":25}},{"start":{"line":247,"column":7},"end":{"line":247,"column":25}}],"line":247},"30":{"loc":{"start":{"line":252,"column":5},"end":{"line":317,"column":6}},"type":"if","locations":[{"start":{"line":252,"column":5},"end":{"line":317,"column":6}},{"start":{"line":252,"column":5},"end":{"line":317,"column":6}}],"line":252},"31":{"loc":{"start":{"line":255,"column":6},"end":{"line":255,"column":24}},"type":"if","locations":[{"start":{"line":255,"column":6},"end":{"line":255,"column":24}},{"start":{"line":255,"column":6},"end":{"line":255,"column":24}}],"line":255},"32":{"loc":{"start":{"line":256,"column":6},"end":{"line":315,"column":7}},"type":"if","locations":[{"start":{"line":256,"column":6},"end":{"line":315,"column":7}},{"start":{"line":256,"column":6},"end":{"line":315,"column":7}}],"line":256},"33":{"loc":{"start":{"line":264,"column":7},"end":{"line":313,"column":8}},"type":"if","locations":[{"start":{"line":264,"column":7},"end":{"line":313,"column":8}},{"start":{"line":264,"column":7},"end":{"line":313,"column":8}}],"line":264},"34":{"loc":{"start":{"line":268,"column":8},"end":{"line":268,"column":26}},"type":"if","locations":[{"start":{"line":268,"column":8},"end":{"line":268,"column":26}},{"start":{"line":268,"column":8},"end":{"line":268,"column":26}}],"line":268},"35":{"loc":{"start":{"line":269,"column":8},"end":{"line":286,"column":9}},"type":"if","locations":[{"start":{"line":269,"column":8},"end":{"line":286,"column":9}},{"start":{"line":269,"column":8},"end":{"line":286,"column":9}}],"line":269},"36":{"loc":{"start":{"line":273,"column":6},"end":{"line":273,"column":24}},"type":"if","locations":[{"start":{"line":273,"column":6},"end":{"line":273,"column":24}},{"start":{"line":273,"column":6},"end":{"line":273,"column":24}}],"line":273},"37":{"loc":{"start":{"line":284,"column":9},"end":{"line":284,"column":27}},"type":"if","locations":[{"start":{"line":284,"column":9},"end":{"line":284,"column":27}},{"start":{"line":284,"column":9},"end":{"line":284,"column":27}}],"line":284},"38":{"loc":{"start":{"line":290,"column":8},"end":{"line":290,"column":26}},"type":"if","locations":[{"start":{"line":290,"column":8},"end":{"line":290,"column":26}},{"start":{"line":290,"column":8},"end":{"line":290,"column":26}}],"line":290},"39":{"loc":{"start":{"line":291,"column":8},"end":{"line":308,"column":9}},"type":"if","locations":[{"start":{"line":291,"column":8},"end":{"line":308,"column":9}},{"start":{"line":291,"column":8},"end":{"line":308,"column":9}}],"line":291},"40":{"loc":{"start":{"line":295,"column":6},"end":{"line":295,"column":24}},"type":"if","locations":[{"start":{"line":295,"column":6},"end":{"line":295,"column":24}},{"start":{"line":295,"column":6},"end":{"line":295,"column":24}}],"line":295},"41":{"loc":{"start":{"line":306,"column":9},"end":{"line":306,"column":27}},"type":"if","locations":[{"start":{"line":306,"column":9},"end":{"line":306,"column":27}},{"start":{"line":306,"column":9},"end":{"line":306,"column":27}}],"line":306},"42":{"loc":{"start":{"line":328,"column":4},"end":{"line":355,"column":5}},"type":"if","locations":[{"start":{"line":328,"column":4},"end":{"line":355,"column":5}},{"start":{"line":328,"column":4},"end":{"line":355,"column":5}}],"line":328},"43":{"loc":{"start":{"line":328,"column":7},"end":{"line":328,"column":75}},"type":"binary-expr","locations":[{"start":{"line":328,"column":7},"end":{"line":328,"column":40}},{"start":{"line":328,"column":44},"end":{"line":328,"column":75}}],"line":328},"44":{"loc":{"start":{"line":334,"column":5},"end":{"line":334,"column":23}},"type":"if","locations":[{"start":{"line":334,"column":5},"end":{"line":334,"column":23}},{"start":{"line":334,"column":5},"end":{"line":334,"column":23}}],"line":334},"45":{"loc":{"start":{"line":335,"column":5},"end":{"line":353,"column":6}},"type":"if","locations":[{"start":{"line":335,"column":5},"end":{"line":353,"column":6}},{"start":{"line":335,"column":5},"end":{"line":353,"column":6}}],"line":335},"46":{"loc":{"start":{"line":337,"column":6},"end":{"line":337,"column":24}},"type":"if","locations":[{"start":{"line":337,"column":6},"end":{"line":337,"column":24}},{"start":{"line":337,"column":6},"end":{"line":337,"column":24}}],"line":337},"47":{"loc":{"start":{"line":350,"column":6},"end":{"line":350,"column":24}},"type":"if","locations":[{"start":{"line":350,"column":6},"end":{"line":350,"column":24}},{"start":{"line":350,"column":6},"end":{"line":350,"column":24}}],"line":350},"48":{"loc":{"start":{"line":364,"column":4},"end":{"line":383,"column":5}},"type":"if","locations":[{"start":{"line":364,"column":4},"end":{"line":383,"column":5}},{"start":{"line":364,"column":4},"end":{"line":383,"column":5}}],"line":364},"49":{"loc":{"start":{"line":364,"column":7},"end":{"line":364,"column":75}},"type":"binary-expr","locations":[{"start":{"line":364,"column":7},"end":{"line":364,"column":38}},{"start":{"line":364,"column":42},"end":{"line":364,"column":75}}],"line":364},"50":{"loc":{"start":{"line":375,"column":8},"end":{"line":380,"column":3}},"type":"if","locations":[{"start":{"line":375,"column":8},"end":{"line":380,"column":3}},{"start":{"line":375,"column":8},"end":{"line":380,"column":3}}],"line":375},"51":{"loc":{"start":{"line":391,"column":4},"end":{"line":427,"column":1}},"type":"if","locations":[{"start":{"line":391,"column":4},"end":{"line":427,"column":1}},{"start":{"line":391,"column":4},"end":{"line":427,"column":1}}],"line":391},"52":{"loc":{"start":{"line":391,"column":7},"end":{"line":391,"column":108}},"type":"binary-expr","locations":[{"start":{"line":391,"column":7},"end":{"line":391,"column":38}},{"start":{"line":391,"column":42},"end":{"line":391,"column":75}},{"start":{"line":391,"column":79},"end":{"line":391,"column":108}}],"line":391},"53":{"loc":{"start":{"line":401,"column":5},"end":{"line":401,"column":23}},"type":"if","locations":[{"start":{"line":401,"column":5},"end":{"line":401,"column":23}},{"start":{"line":401,"column":5},"end":{"line":401,"column":23}}],"line":401},"54":{"loc":{"start":{"line":402,"column":5},"end":{"line":424,"column":6}},"type":"if","locations":[{"start":{"line":402,"column":5},"end":{"line":424,"column":6}},{"start":{"line":402,"column":5},"end":{"line":424,"column":6}}],"line":402},"55":{"loc":{"start":{"line":408,"column":5},"end":{"line":408,"column":24}},"type":"if","locations":[{"start":{"line":408,"column":5},"end":{"line":408,"column":24}},{"start":{"line":408,"column":5},"end":{"line":408,"column":24}}],"line":408},"56":{"loc":{"start":{"line":421,"column":6},"end":{"line":421,"column":25}},"type":"if","locations":[{"start":{"line":421,"column":6},"end":{"line":421,"column":25}},{"start":{"line":421,"column":6},"end":{"line":421,"column":25}}],"line":421},"57":{"loc":{"start":{"line":431,"column":4},"end":{"line":448,"column":1}},"type":"if","locations":[{"start":{"line":431,"column":4},"end":{"line":448,"column":1}},{"start":{"line":431,"column":4},"end":{"line":448,"column":1}}],"line":431},"58":{"loc":{"start":{"line":439,"column":5},"end":{"line":439,"column":23}},"type":"if","locations":[{"start":{"line":439,"column":5},"end":{"line":439,"column":23}},{"start":{"line":439,"column":5},"end":{"line":439,"column":23}}],"line":439},"59":{"loc":{"start":{"line":440,"column":5},"end":{"line":445,"column":6}},"type":"if","locations":[{"start":{"line":440,"column":5},"end":{"line":445,"column":6}},{"start":{"line":440,"column":5},"end":{"line":445,"column":6}}],"line":440}},"s":{"0":1,"1":1,"2":1,"3":1,"4":1,"5":1,"6":1,"7":1,"8":1,"9":1,"10":1,"11":1,"12":1,"13":1,"14":1,"15":1,"16":1,"17":1,"18":1,"19":1,"20":3,"21":2,"22":1,"23":1,"24":1,"25":0,"26":0,"27":1,"28":1,"29":1,"30":1,"31":0,"32":0,"33":0,"34":0,"35":0,"36":0,"37":1,"38":2,"39":1,"40":1,"41":1,"42":1,"43":1,"44":0,"45":1,"46":1,"47":1,"48":2,"49":1,"50":1,"51":1,"52":1,"53":1,"54":0,"55":0,"56":0,"57":1,"58":2,"59":1,"60":1,"61":1,"62":1,"63":1,"64":1,"65":0,"66":1,"67":2,"68":1,"69":1,"70":1,"71":1,"72":1,"73":4,"74":1,"75":3,"76":3,"77":3,"78":3,"79":3,"80":0,"81":3,"82":3,"83":3,"84":3,"85":3,"86":3,"87":0,"88":3,"89":1,"90":1,"91":1,"92":0,"93":2,"94":2,"95":42,"96":22,"97":1,"98":1,"99":2,"100":1,"101":1,"102":1,"103":1,"104":0,"105":3,"106":2,"107":2,"108":0,"109":2,"110":1,"111":1,"112":0,"113":1,"114":1,"115":1,"116":1,"117":1,"118":0,"119":3,"120":2,"121":2,"122":0,"123":2,"124":1,"125":1,"126":22,"127":1,"128":1,"129":1,"130":0,"131":1,"132":1,"133":1,"134":0,"135":0,"136":0,"137":0,"138":0,"139":0,"140":0,"141":1,"142":1,"143":0,"144":1,"145":0,"146":0,"147":0,"148":1,"149":1,"150":1,"151":1,"152":1,"153":0,"154":1,"155":1,"156":1,"157":3,"158":1,"159":2,"160":2,"161":2,"162":0,"163":2,"164":2,"165":2,"166":0,"167":2,"168":0,"169":0,"170":0,"171":0,"172":0,"173":0,"174":0,"175":1,"176":3,"177":1,"178":2,"179":2,"180":2,"181":2,"182":2,"183":2,"184":1,"185":1,"186":1,"187":3,"188":1,"189":2,"190":2,"191":2,"192":2,"193":2,"194":2,"195":0,"196":2,"197":1,"198":1,"199":0,"200":1,"201":1,"202":1,"203":1,"204":1,"205":1,"206":1,"207":0,"208":1,"209":1,"210":3,"211":1,"212":2,"213":2,"214":2,"215":2,"216":0,"217":2,"218":1,"219":1,"220":1,"221":1},"f":{"0":1,"1":3,"2":1,"3":1,"4":0,"5":2,"6":1,"7":2,"8":1,"9":2,"10":1,"11":2,"12":1,"13":4,"14":3,"15":0,"16":3,"17":3,"18":1,"19":42,"20":1,"21":2,"22":1,"23":1,"24":2,"25":22,"26":1,"27":1,"28":0,"29":1,"30":0,"31":1,"32":3,"33":2,"34":2,"35":0,"36":3,"37":2,"38":2,"39":3,"40":2,"41":2,"42":1,"43":1,"44":3,"45":2,"46":2},"b":{"0":[2,1],"1":[3,2,2,2,2,2],"2":[0,1],"3":[1,0],"4":[1,0],"5":[0,0],"6":[1,1],"7":[0,1],"8":[1,1],"9":[1,0],"10":[0,0],"11":[1,1],"12":[2,2,2,2,2,2],"13":[1,0],"14":[1,1],"15":[1,3],"16":[4,3,3],"17":[3,0],"18":[0,3],"19":[1,2],"20":[0,1],"21":[22,20],"22":[1,21],"23":[1,1],"24":[0,1],"25":[2,1],"26":[0,2],"27":[1,1],"28":[0,1],"29":[0,1],"30":[2,1],"31":[0,2],"32":[1,1],"33":[1,21],"34":[0,1],"35":[1,0],"36":[0,1],"37":[0,0],"38":[0,1],"39":[0,1],"40":[0,0],"41":[0,1],"42":[1,2],"43":[3,3],"44":[0,2],"45":[2,0],"46":[0,2],"47":[0,0],"48":[1,2],"49":[3,2],"50":[1,1],"51":[1,2],"52":[3,2,2],"53":[0,2],"54":[1,1],"55":[0,1],"56":[0,1],"57":[1,2],"58":[0,2],"59":[1,1]},"_coverageSchema":"1a1c01bbd47fc00a2c39e90264f33305004495a9","hash":"8a7fce32abc2e5a9c0aeceac6fdf6325417dcf17"}
}
