{"F:\\PartnerMeBackend\\PartnerMeServer\\functions.js": {"path":"F:\\PartnerMeBackend\\PartnerMeServer\\functions.js","statementMap":{"0":{"start":{"line":1,"column":32},"end":{"line":1,"column":50}},"1":{"start":{"line":3,"column":15},"end":{"line":17,"column":3}},"2":{"start":{"line":19,"column":21},"end":{"line":19,"column":43}},"3":{"start":{"line":22,"column":22},"end":{"line":22,"column":24}},"4":{"start":{"line":23,"column":27},"end":{"line":23,"column":29}},"5":{"start":{"line":24,"column":26},"end":{"line":24,"column":28}},"6":{"start":{"line":25,"column":20},"end":{"line":99,"column":6}},"7":{"start":{"line":28,"column":9},"end":{"line":97,"column":10}},"8":{"start":{"line":29,"column":11},"end":{"line":29,"column":38}},"9":{"start":{"line":31,"column":11},"end":{"line":31,"column":54}},"10":{"start":{"line":32,"column":11},"end":{"line":34,"column":12}},"11":{"start":{"line":33,"column":12},"end":{"line":33,"column":40}},"12":{"start":{"line":35,"column":11},"end":{"line":51,"column":12}},"13":{"start":{"line":35,"column":23},"end":{"line":35,"column":24}},"14":{"start":{"line":36,"column":13},"end":{"line":50,"column":14}},"15":{"start":{"line":38,"column":15},"end":{"line":38,"column":62}},"16":{"start":{"line":41,"column":24},"end":{"line":48,"column":16}},"17":{"start":{"line":49,"column":15},"end":{"line":49,"column":43}},"18":{"start":{"line":53,"column":11},"end":{"line":94,"column":12}},"19":{"start":{"line":53,"column":23},"end":{"line":53,"column":24}},"20":{"start":{"line":54,"column":33},"end":{"line":54,"column":72}},"21":{"start":{"line":55,"column":36},"end":{"line":55,"column":51}},"22":{"start":{"line":58,"column":30},"end":{"line":58,"column":32}},"23":{"start":{"line":59,"column":27},"end":{"line":59,"column":29}},"24":{"start":{"line":61,"column":13},"end":{"line":66,"column":14}},"25":{"start":{"line":61,"column":25},"end":{"line":61,"column":26}},"26":{"start":{"line":62,"column":15},"end":{"line":65,"column":16}},"27":{"start":{"line":63,"column":17},"end":{"line":63,"column":50}},"28":{"start":{"line":64,"column":17},"end":{"line":64,"column":47}},"29":{"start":{"line":67,"column":13},"end":{"line":72,"column":14}},"30":{"start":{"line":67,"column":25},"end":{"line":67,"column":26}},"31":{"start":{"line":68,"column":15},"end":{"line":71,"column":16}},"32":{"start":{"line":69,"column":17},"end":{"line":69,"column":53}},"33":{"start":{"line":70,"column":17},"end":{"line":70,"column":50}},"34":{"start":{"line":74,"column":13},"end":{"line":76,"column":14}},"35":{"start":{"line":74,"column":25},"end":{"line":74,"column":26}},"36":{"start":{"line":75,"column":15},"end":{"line":75,"column":49}},"37":{"start":{"line":77,"column":13},"end":{"line":79,"column":14}},"38":{"start":{"line":77,"column":25},"end":{"line":77,"column":26}},"39":{"start":{"line":78,"column":15},"end":{"line":78,"column":49}},"40":{"start":{"line":81,"column":13},"end":{"line":81,"column":32}},"41":{"start":{"line":82,"column":13},"end":{"line":82,"column":35}},"42":{"start":{"line":83,"column":13},"end":{"line":83,"column":37}},"43":{"start":{"line":84,"column":13},"end":{"line":84,"column":34}},"44":{"start":{"line":85,"column":13},"end":{"line":89,"column":14}},"45":{"start":{"line":86,"column":15},"end":{"line":88,"column":16}},"46":{"start":{"line":87,"column":17},"end":{"line":87,"column":53}},"47":{"start":{"line":90,"column":13},"end":{"line":92,"column":14}},"48":{"start":{"line":91,"column":17},"end":{"line":91,"column":53}},"49":{"start":{"line":93,"column":13},"end":{"line":93,"column":125}},"50":{"start":{"line":95,"column":11},"end":{"line":95,"column":37}},"51":{"start":{"line":100,"column":6},"end":{"line":100,"column":34}},"52":{"start":{"line":101,"column":6},"end":{"line":101,"column":43}},"53":{"start":{"line":107,"column":20},"end":{"line":117,"column":5}},"54":{"start":{"line":110,"column":8},"end":{"line":115,"column":9}},"55":{"start":{"line":111,"column":10},"end":{"line":111,"column":37}},"56":{"start":{"line":113,"column":10},"end":{"line":113,"column":62}},"57":{"start":{"line":114,"column":10},"end":{"line":114,"column":26}},"58":{"start":{"line":119,"column":6},"end":{"line":119,"column":34}},"59":{"start":{"line":125,"column":20},"end":{"line":135,"column":5}},"60":{"start":{"line":128,"column":8},"end":{"line":133,"column":9}},"61":{"start":{"line":129,"column":10},"end":{"line":129,"column":37}},"62":{"start":{"line":131,"column":10},"end":{"line":131,"column":62}},"63":{"start":{"line":132,"column":6},"end":{"line":132,"column":18}},"64":{"start":{"line":137,"column":6},"end":{"line":137,"column":41}},"65":{"start":{"line":141,"column":4},"end":{"line":143,"column":5}},"66":{"start":{"line":142,"column":6},"end":{"line":142,"column":16}},"67":{"start":{"line":144,"column":4},"end":{"line":146,"column":5}},"68":{"start":{"line":145,"column":6},"end":{"line":145,"column":15}},"69":{"start":{"line":147,"column":4},"end":{"line":147,"column":13}},"70":{"start":{"line":150,"column":2},"end":{"line":155,"column":4}}},"fnMap":{"0":{"name":"cosineSim","decl":{"start":{"line":21,"column":9},"end":{"line":21,"column":18}},"loc":{"start":{"line":21,"column":34},"end":{"line":102,"column":3}},"line":21},"1":{"name":"(anonymous_1)","decl":{"start":{"line":27,"column":7},"end":{"line":27,"column":8}},"loc":{"start":{"line":27,"column":32},"end":{"line":98,"column":8}},"line":27},"2":{"name":"queryDatabase","decl":{"start":{"line":104,"column":9},"end":{"line":104,"column":22}},"loc":{"start":{"line":104,"column":30},"end":{"line":120,"column":3}},"line":104},"3":{"name":"(anonymous_3)","decl":{"start":{"line":109,"column":6},"end":{"line":109,"column":7}},"loc":{"start":{"line":109,"column":25},"end":{"line":116,"column":7}},"line":109},"4":{"name":"querySelectDatabase","decl":{"start":{"line":122,"column":9},"end":{"line":122,"column":28}},"loc":{"start":{"line":122,"column":36},"end":{"line":138,"column":3}},"line":122},"5":{"name":"(anonymous_5)","decl":{"start":{"line":127,"column":6},"end":{"line":127,"column":7}},"loc":{"start":{"line":127,"column":31},"end":{"line":134,"column":7}},"line":127},"6":{"name":"compare","decl":{"start":{"line":140,"column":9},"end":{"line":140,"column":16}},"loc":{"start":{"line":140,"column":25},"end":{"line":148,"column":3}},"line":140}},"branchMap":{"0":{"loc":{"start":{"line":28,"column":9},"end":{"line":97,"column":10}},"type":"if","locations":[{"start":{"line":28,"column":9},"end":{"line":97,"column":10}},{"start":{"line":28,"column":9},"end":{"line":97,"column":10}}],"line":28},"1":{"loc":{"start":{"line":32,"column":11},"end":{"line":34,"column":12}},"type":"if","locations":[{"start":{"line":32,"column":11},"end":{"line":34,"column":12}},{"start":{"line":32,"column":11},"end":{"line":34,"column":12}}],"line":32},"2":{"loc":{"start":{"line":36,"column":13},"end":{"line":50,"column":14}},"type":"if","locations":[{"start":{"line":36,"column":13},"end":{"line":50,"column":14}},{"start":{"line":36,"column":13},"end":{"line":50,"column":14}}],"line":36},"3":{"loc":{"start":{"line":62,"column":15},"end":{"line":65,"column":16}},"type":"if","locations":[{"start":{"line":62,"column":15},"end":{"line":65,"column":16}},{"start":{"line":62,"column":15},"end":{"line":65,"column":16}}],"line":62},"4":{"loc":{"start":{"line":68,"column":15},"end":{"line":71,"column":16}},"type":"if","locations":[{"start":{"line":68,"column":15},"end":{"line":71,"column":16}},{"start":{"line":68,"column":15},"end":{"line":71,"column":16}}],"line":68},"5":{"loc":{"start":{"line":86,"column":15},"end":{"line":88,"column":16}},"type":"if","locations":[{"start":{"line":86,"column":15},"end":{"line":88,"column":16}},{"start":{"line":86,"column":15},"end":{"line":88,"column":16}}],"line":86},"6":{"loc":{"start":{"line":110,"column":8},"end":{"line":115,"column":9}},"type":"if","locations":[{"start":{"line":110,"column":8},"end":{"line":115,"column":9}},{"start":{"line":110,"column":8},"end":{"line":115,"column":9}}],"line":110},"7":{"loc":{"start":{"line":128,"column":8},"end":{"line":133,"column":9}},"type":"if","locations":[{"start":{"line":128,"column":8},"end":{"line":133,"column":9}},{"start":{"line":128,"column":8},"end":{"line":133,"column":9}}],"line":128},"8":{"loc":{"start":{"line":141,"column":4},"end":{"line":143,"column":5}},"type":"if","locations":[{"start":{"line":141,"column":4},"end":{"line":143,"column":5}},{"start":{"line":141,"column":4},"end":{"line":143,"column":5}}],"line":141},"9":{"loc":{"start":{"line":144,"column":4},"end":{"line":146,"column":5}},"type":"if","locations":[{"start":{"line":144,"column":4},"end":{"line":146,"column":5}},{"start":{"line":144,"column":4},"end":{"line":146,"column":5}}],"line":144}},"s":{"0":2,"1":2,"2":2,"3":2,"4":2,"5":2,"6":2,"7":2,"8":2,"9":0,"10":0,"11":0,"12":0,"13":0,"14":0,"15":0,"16":0,"17":0,"18":0,"19":0,"20":0,"21":0,"22":0,"23":0,"24":0,"25":0,"26":0,"27":0,"28":0,"29":0,"30":0,"31":0,"32":0,"33":0,"34":0,"35":0,"36":0,"37":0,"38":0,"39":0,"40":0,"41":0,"42":0,"43":0,"44":0,"45":0,"46":0,"47":0,"48":0,"49":0,"50":0,"51":2,"52":2,"53":1,"54":1,"55":1,"56":0,"57":0,"58":1,"59":1,"60":1,"61":1,"62":0,"63":0,"64":1,"65":3,"66":1,"67":2,"68":1,"69":1,"70":2},"f":{"0":2,"1":2,"2":1,"3":1,"4":1,"5":1,"6":3},"b":{"0":[2,0],"1":[0,0],"2":[0,0],"3":[0,0],"4":[0,0],"5":[0,0],"6":[1,0],"7":[1,0],"8":[1,2],"9":[1,1]},"_coverageSchema":"1a1c01bbd47fc00a2c39e90264f33305004495a9","hash":"b7be95f8ab7e215b41b47aac0be15bfd462b4e32"}
,"F:\\PartnerMeBackend\\PartnerMeServer\\index.js": {"path":"F:\\PartnerMeBackend\\PartnerMeServer\\index.js","statementMap":{"0":{"start":{"line":1,"column":16},"end":{"line":1,"column":34}},"1":{"start":{"line":2,"column":16},"end":{"line":2,"column":34}},"2":{"start":{"line":3,"column":13},"end":{"line":3,"column":35}},"3":{"start":{"line":4,"column":12},"end":{"line":4,"column":21}},"4":{"start":{"line":5,"column":13},"end":{"line":5,"column":17}},"5":{"start":{"line":6,"column":18},"end":{"line":6,"column":40}},"6":{"start":{"line":7,"column":17},"end":{"line":7,"column":55}},"7":{"start":{"line":8,"column":13},"end":{"line":8,"column":30}},"8":{"start":{"line":10,"column":32},"end":{"line":10,"column":50}},"9":{"start":{"line":13,"column":15},"end":{"line":27,"column":1}},"10":{"start":{"line":29,"column":0},"end":{"line":29,"column":24}},"11":{"start":{"line":30,"column":19},"end":{"line":30,"column":41}},"12":{"start":{"line":35,"column":0},"end":{"line":58,"column":3}},"13":{"start":{"line":38,"column":2},"end":{"line":57,"column":5}},"14":{"start":{"line":39,"column":4},"end":{"line":56,"column":5}},"15":{"start":{"line":40,"column":6},"end":{"line":40,"column":27}},"16":{"start":{"line":41,"column":6},"end":{"line":41,"column":33}},"17":{"start":{"line":44,"column":21},"end":{"line":54,"column":7}},"18":{"start":{"line":47,"column":10},"end":{"line":52,"column":11}},"19":{"start":{"line":48,"column":12},"end":{"line":48,"column":39}},"20":{"start":{"line":50,"column":12},"end":{"line":50,"column":35}},"21":{"start":{"line":51,"column":12},"end":{"line":51,"column":31}},"22":{"start":{"line":55,"column":6},"end":{"line":55,"column":33}},"23":{"start":{"line":61,"column":0},"end":{"line":63,"column":3}},"24":{"start":{"line":62,"column":4},"end":{"line":62,"column":27}},"25":{"start":{"line":67,"column":0},"end":{"line":98,"column":3}},"26":{"start":{"line":68,"column":2},"end":{"line":97,"column":1}},"27":{"start":{"line":69,"column":4},"end":{"line":69,"column":96}},"28":{"start":{"line":72,"column":21},"end":{"line":72,"column":43}},"29":{"start":{"line":73,"column":18},"end":{"line":74,"column":156}},"30":{"start":{"line":75,"column":2},"end":{"line":96,"column":5}},"31":{"start":{"line":76,"column":4},"end":{"line":95,"column":5}},"32":{"start":{"line":77,"column":6},"end":{"line":77,"column":27}},"33":{"start":{"line":78,"column":6},"end":{"line":78,"column":33}},"34":{"start":{"line":81,"column":21},"end":{"line":93,"column":7}},"35":{"start":{"line":84,"column":10},"end":{"line":91,"column":11}},"36":{"start":{"line":85,"column":12},"end":{"line":85,"column":39}},"37":{"start":{"line":86,"column":12},"end":{"line":86,"column":112}},"38":{"start":{"line":88,"column":12},"end":{"line":88,"column":35}},"39":{"start":{"line":89,"column":12},"end":{"line":89,"column":46}},"40":{"start":{"line":90,"column":12},"end":{"line":90,"column":31}},"41":{"start":{"line":94,"column":6},"end":{"line":94,"column":33}},"42":{"start":{"line":102,"column":0},"end":{"line":143,"column":3}},"43":{"start":{"line":103,"column":2},"end":{"line":142,"column":1}},"44":{"start":{"line":104,"column":4},"end":{"line":104,"column":81}},"45":{"start":{"line":107,"column":21},"end":{"line":107,"column":43}},"46":{"start":{"line":108,"column":18},"end":{"line":108,"column":76}},"47":{"start":{"line":109,"column":2},"end":{"line":141,"column":5}},"48":{"start":{"line":110,"column":4},"end":{"line":140,"column":5}},"49":{"start":{"line":111,"column":6},"end":{"line":111,"column":27}},"50":{"start":{"line":112,"column":6},"end":{"line":112,"column":33}},"51":{"start":{"line":115,"column":21},"end":{"line":138,"column":7}},"52":{"start":{"line":118,"column":10},"end":{"line":136,"column":11}},"53":{"start":{"line":119,"column":12},"end":{"line":119,"column":39}},"54":{"start":{"line":120,"column":12},"end":{"line":120,"column":36}},"55":{"start":{"line":121,"column":12},"end":{"line":121,"column":31}},"56":{"start":{"line":123,"column":12},"end":{"line":125,"column":13}},"57":{"start":{"line":124,"column":14},"end":{"line":124,"column":94}},"58":{"start":{"line":126,"column":23},"end":{"line":133,"column":15}},"59":{"start":{"line":134,"column":14},"end":{"line":134,"column":44}},"60":{"start":{"line":135,"column":12},"end":{"line":135,"column":31}},"61":{"start":{"line":139,"column":6},"end":{"line":139,"column":33}},"62":{"start":{"line":146,"column":0},"end":{"line":148,"column":3}},"63":{"start":{"line":147,"column":4},"end":{"line":147,"column":29}},"64":{"start":{"line":151,"column":0},"end":{"line":185,"column":3}},"65":{"start":{"line":153,"column":4},"end":{"line":184,"column":3}},"66":{"start":{"line":154,"column":6},"end":{"line":154,"column":78}},"67":{"start":{"line":157,"column":23},"end":{"line":157,"column":45}},"68":{"start":{"line":158,"column":20},"end":{"line":158,"column":78}},"69":{"start":{"line":159,"column":4},"end":{"line":183,"column":7}},"70":{"start":{"line":160,"column":6},"end":{"line":182,"column":7}},"71":{"start":{"line":161,"column":8},"end":{"line":161,"column":29}},"72":{"start":{"line":162,"column":8},"end":{"line":162,"column":35}},"73":{"start":{"line":165,"column":23},"end":{"line":180,"column":9}},"74":{"start":{"line":168,"column":12},"end":{"line":178,"column":13}},"75":{"start":{"line":169,"column":14},"end":{"line":169,"column":41}},"76":{"start":{"line":171,"column":14},"end":{"line":176,"column":15}},"77":{"start":{"line":172,"column":16},"end":{"line":172,"column":50}},"78":{"start":{"line":175,"column":16},"end":{"line":175,"column":80}},"79":{"start":{"line":177,"column":14},"end":{"line":177,"column":33}},"80":{"start":{"line":181,"column":8},"end":{"line":181,"column":35}},"81":{"start":{"line":187,"column":0},"end":{"line":218,"column":3}},"82":{"start":{"line":190,"column":4},"end":{"line":217,"column":3}},"83":{"start":{"line":191,"column":6},"end":{"line":191,"column":102}},"84":{"start":{"line":194,"column":23},"end":{"line":194,"column":45}},"85":{"start":{"line":195,"column":20},"end":{"line":195,"column":259}},"86":{"start":{"line":196,"column":4},"end":{"line":216,"column":7}},"87":{"start":{"line":197,"column":6},"end":{"line":215,"column":7}},"88":{"start":{"line":198,"column":8},"end":{"line":198,"column":29}},"89":{"start":{"line":199,"column":8},"end":{"line":199,"column":35}},"90":{"start":{"line":202,"column":23},"end":{"line":213,"column":9}},"91":{"start":{"line":205,"column":12},"end":{"line":211,"column":13}},"92":{"start":{"line":206,"column":14},"end":{"line":206,"column":41}},"93":{"start":{"line":207,"column":14},"end":{"line":207,"column":110}},"94":{"start":{"line":209,"column":14},"end":{"line":209,"column":47}},"95":{"start":{"line":210,"column":14},"end":{"line":210,"column":33}},"96":{"start":{"line":214,"column":8},"end":{"line":214,"column":35}},"97":{"start":{"line":229,"column":0},"end":{"line":246,"column":3}},"98":{"start":{"line":230,"column":2},"end":{"line":245,"column":3}},"99":{"start":{"line":231,"column":4},"end":{"line":231,"column":84}},"100":{"start":{"line":234,"column":21},"end":{"line":234,"column":116}},"101":{"start":{"line":236,"column":4},"end":{"line":244,"column":7}},"102":{"start":{"line":237,"column":6},"end":{"line":243,"column":7}},"103":{"start":{"line":238,"column":10},"end":{"line":238,"column":31}},"104":{"start":{"line":239,"column":10},"end":{"line":239,"column":37}},"105":{"start":{"line":242,"column":10},"end":{"line":242,"column":67}},"106":{"start":{"line":248,"column":0},"end":{"line":250,"column":3}},"107":{"start":{"line":249,"column":4},"end":{"line":249,"column":39}},"108":{"start":{"line":253,"column":0},"end":{"line":255,"column":3}},"109":{"start":{"line":254,"column":4},"end":{"line":254,"column":39}},"110":{"start":{"line":257,"column":0},"end":{"line":259,"column":4}},"111":{"start":{"line":261,"column":0},"end":{"line":261,"column":21}}},"fnMap":{"0":{"name":"(anonymous_0)","decl":{"start":{"line":35,"column":21},"end":{"line":35,"column":22}},"loc":{"start":{"line":35,"column":42},"end":{"line":58,"column":1}},"line":35},"1":{"name":"(anonymous_1)","decl":{"start":{"line":38,"column":27},"end":{"line":38,"column":28}},"loc":{"start":{"line":38,"column":34},"end":{"line":57,"column":3}},"line":38},"2":{"name":"(anonymous_2)","decl":{"start":{"line":46,"column":8},"end":{"line":46,"column":9}},"loc":{"start":{"line":46,"column":27},"end":{"line":53,"column":9}},"line":46},"3":{"name":"(anonymous_3)","decl":{"start":{"line":61,"column":13},"end":{"line":61,"column":14}},"loc":{"start":{"line":61,"column":36},"end":{"line":63,"column":1}},"line":61},"4":{"name":"(anonymous_4)","decl":{"start":{"line":67,"column":25},"end":{"line":67,"column":26}},"loc":{"start":{"line":67,"column":46},"end":{"line":98,"column":1}},"line":67},"5":{"name":"(anonymous_5)","decl":{"start":{"line":75,"column":27},"end":{"line":75,"column":28}},"loc":{"start":{"line":75,"column":34},"end":{"line":96,"column":3}},"line":75},"6":{"name":"(anonymous_6)","decl":{"start":{"line":83,"column":8},"end":{"line":83,"column":9}},"loc":{"start":{"line":83,"column":27},"end":{"line":92,"column":9}},"line":83},"7":{"name":"(anonymous_7)","decl":{"start":{"line":102,"column":31},"end":{"line":102,"column":32}},"loc":{"start":{"line":102,"column":51},"end":{"line":143,"column":1}},"line":102},"8":{"name":"(anonymous_8)","decl":{"start":{"line":109,"column":27},"end":{"line":109,"column":28}},"loc":{"start":{"line":109,"column":34},"end":{"line":141,"column":3}},"line":109},"9":{"name":"(anonymous_9)","decl":{"start":{"line":117,"column":8},"end":{"line":117,"column":9}},"loc":{"start":{"line":117,"column":33},"end":{"line":137,"column":9}},"line":117},"10":{"name":"(anonymous_10)","decl":{"start":{"line":146,"column":23},"end":{"line":146,"column":24}},"loc":{"start":{"line":146,"column":46},"end":{"line":148,"column":1}},"line":146},"11":{"name":"(anonymous_11)","decl":{"start":{"line":151,"column":24},"end":{"line":151,"column":25}},"loc":{"start":{"line":151,"column":45},"end":{"line":185,"column":1}},"line":151},"12":{"name":"(anonymous_12)","decl":{"start":{"line":159,"column":29},"end":{"line":159,"column":30}},"loc":{"start":{"line":159,"column":36},"end":{"line":183,"column":5}},"line":159},"13":{"name":"(anonymous_13)","decl":{"start":{"line":167,"column":10},"end":{"line":167,"column":11}},"loc":{"start":{"line":167,"column":29},"end":{"line":179,"column":11}},"line":167},"14":{"name":"(anonymous_14)","decl":{"start":{"line":187,"column":25},"end":{"line":187,"column":26}},"loc":{"start":{"line":187,"column":46},"end":{"line":218,"column":1}},"line":187},"15":{"name":"(anonymous_15)","decl":{"start":{"line":196,"column":29},"end":{"line":196,"column":30}},"loc":{"start":{"line":196,"column":36},"end":{"line":216,"column":5}},"line":196},"16":{"name":"(anonymous_16)","decl":{"start":{"line":204,"column":10},"end":{"line":204,"column":11}},"loc":{"start":{"line":204,"column":35},"end":{"line":212,"column":11}},"line":204},"17":{"name":"(anonymous_17)","decl":{"start":{"line":229,"column":31},"end":{"line":229,"column":32}},"loc":{"start":{"line":229,"column":50},"end":{"line":246,"column":1}},"line":229},"18":{"name":"(anonymous_18)","decl":{"start":{"line":236,"column":29},"end":{"line":236,"column":30}},"loc":{"start":{"line":236,"column":36},"end":{"line":244,"column":5}},"line":236},"19":{"name":"(anonymous_19)","decl":{"start":{"line":248,"column":34},"end":{"line":248,"column":35}},"loc":{"start":{"line":248,"column":55},"end":{"line":250,"column":1}},"line":248},"20":{"name":"(anonymous_20)","decl":{"start":{"line":253,"column":36},"end":{"line":253,"column":37}},"loc":{"start":{"line":253,"column":57},"end":{"line":255,"column":1}},"line":253}},"branchMap":{"0":{"loc":{"start":{"line":39,"column":4},"end":{"line":56,"column":5}},"type":"if","locations":[{"start":{"line":39,"column":4},"end":{"line":56,"column":5}},{"start":{"line":39,"column":4},"end":{"line":56,"column":5}}],"line":39},"1":{"loc":{"start":{"line":47,"column":10},"end":{"line":52,"column":11}},"type":"if","locations":[{"start":{"line":47,"column":10},"end":{"line":52,"column":11}},{"start":{"line":47,"column":10},"end":{"line":52,"column":11}}],"line":47},"2":{"loc":{"start":{"line":68,"column":2},"end":{"line":97,"column":1}},"type":"if","locations":[{"start":{"line":68,"column":2},"end":{"line":97,"column":1}},{"start":{"line":68,"column":2},"end":{"line":97,"column":1}}],"line":68},"3":{"loc":{"start":{"line":68,"column":5},"end":{"line":68,"column":222}},"type":"binary-expr","locations":[{"start":{"line":68,"column":5},"end":{"line":68,"column":35}},{"start":{"line":68,"column":39},"end":{"line":68,"column":70}},{"start":{"line":68,"column":74},"end":{"line":68,"column":108}},{"start":{"line":68,"column":112},"end":{"line":68,"column":150}},{"start":{"line":68,"column":154},"end":{"line":68,"column":187}},{"start":{"line":68,"column":191},"end":{"line":68,"column":222}}],"line":68},"4":{"loc":{"start":{"line":76,"column":4},"end":{"line":95,"column":5}},"type":"if","locations":[{"start":{"line":76,"column":4},"end":{"line":95,"column":5}},{"start":{"line":76,"column":4},"end":{"line":95,"column":5}}],"line":76},"5":{"loc":{"start":{"line":84,"column":10},"end":{"line":91,"column":11}},"type":"if","locations":[{"start":{"line":84,"column":10},"end":{"line":91,"column":11}},{"start":{"line":84,"column":10},"end":{"line":91,"column":11}}],"line":84},"6":{"loc":{"start":{"line":103,"column":2},"end":{"line":142,"column":1}},"type":"if","locations":[{"start":{"line":103,"column":2},"end":{"line":142,"column":1}},{"start":{"line":103,"column":2},"end":{"line":142,"column":1}}],"line":103},"7":{"loc":{"start":{"line":110,"column":4},"end":{"line":140,"column":5}},"type":"if","locations":[{"start":{"line":110,"column":4},"end":{"line":140,"column":5}},{"start":{"line":110,"column":4},"end":{"line":140,"column":5}}],"line":110},"8":{"loc":{"start":{"line":118,"column":10},"end":{"line":136,"column":11}},"type":"if","locations":[{"start":{"line":118,"column":10},"end":{"line":136,"column":11}},{"start":{"line":118,"column":10},"end":{"line":136,"column":11}}],"line":118},"9":{"loc":{"start":{"line":123,"column":12},"end":{"line":125,"column":13}},"type":"if","locations":[{"start":{"line":123,"column":12},"end":{"line":125,"column":13}},{"start":{"line":123,"column":12},"end":{"line":125,"column":13}}],"line":123},"10":{"loc":{"start":{"line":153,"column":4},"end":{"line":184,"column":3}},"type":"if","locations":[{"start":{"line":153,"column":4},"end":{"line":184,"column":3}},{"start":{"line":153,"column":4},"end":{"line":184,"column":3}}],"line":153},"11":{"loc":{"start":{"line":160,"column":6},"end":{"line":182,"column":7}},"type":"if","locations":[{"start":{"line":160,"column":6},"end":{"line":182,"column":7}},{"start":{"line":160,"column":6},"end":{"line":182,"column":7}}],"line":160},"12":{"loc":{"start":{"line":168,"column":12},"end":{"line":178,"column":13}},"type":"if","locations":[{"start":{"line":168,"column":12},"end":{"line":178,"column":13}},{"start":{"line":168,"column":12},"end":{"line":178,"column":13}}],"line":168},"13":{"loc":{"start":{"line":171,"column":14},"end":{"line":176,"column":15}},"type":"if","locations":[{"start":{"line":171,"column":14},"end":{"line":176,"column":15}},{"start":{"line":171,"column":14},"end":{"line":176,"column":15}}],"line":171},"14":{"loc":{"start":{"line":190,"column":4},"end":{"line":217,"column":3}},"type":"if","locations":[{"start":{"line":190,"column":4},"end":{"line":217,"column":3}},{"start":{"line":190,"column":4},"end":{"line":217,"column":3}}],"line":190},"15":{"loc":{"start":{"line":190,"column":7},"end":{"line":190,"column":224}},"type":"binary-expr","locations":[{"start":{"line":190,"column":7},"end":{"line":190,"column":37}},{"start":{"line":190,"column":41},"end":{"line":190,"column":72}},{"start":{"line":190,"column":76},"end":{"line":190,"column":110}},{"start":{"line":190,"column":114},"end":{"line":190,"column":152}},{"start":{"line":190,"column":156},"end":{"line":190,"column":189}},{"start":{"line":190,"column":193},"end":{"line":190,"column":224}}],"line":190},"16":{"loc":{"start":{"line":197,"column":6},"end":{"line":215,"column":7}},"type":"if","locations":[{"start":{"line":197,"column":6},"end":{"line":215,"column":7}},{"start":{"line":197,"column":6},"end":{"line":215,"column":7}}],"line":197},"17":{"loc":{"start":{"line":205,"column":12},"end":{"line":211,"column":13}},"type":"if","locations":[{"start":{"line":205,"column":12},"end":{"line":211,"column":13}},{"start":{"line":205,"column":12},"end":{"line":211,"column":13}}],"line":205},"18":{"loc":{"start":{"line":230,"column":2},"end":{"line":245,"column":3}},"type":"if","locations":[{"start":{"line":230,"column":2},"end":{"line":245,"column":3}},{"start":{"line":230,"column":2},"end":{"line":245,"column":3}}],"line":230},"19":{"loc":{"start":{"line":237,"column":6},"end":{"line":243,"column":7}},"type":"if","locations":[{"start":{"line":237,"column":6},"end":{"line":243,"column":7}},{"start":{"line":237,"column":6},"end":{"line":243,"column":7}}],"line":237}},"s":{"0":2,"1":2,"2":2,"3":2,"4":2,"5":2,"6":2,"7":2,"8":2,"9":2,"10":2,"11":2,"12":2,"13":1,"14":1,"15":1,"16":1,"17":0,"18":0,"19":0,"20":0,"21":0,"22":0,"23":2,"24":1,"25":2,"26":4,"27":2,"28":2,"29":2,"30":2,"31":2,"32":2,"33":2,"34":0,"35":0,"36":0,"37":0,"38":0,"39":0,"40":0,"41":0,"42":2,"43":6,"44":0,"45":6,"46":6,"47":6,"48":6,"49":6,"50":6,"51":0,"52":0,"53":0,"54":0,"55":0,"56":0,"57":0,"58":0,"59":0,"60":0,"61":0,"62":2,"63":0,"64":2,"65":6,"66":1,"67":5,"68":5,"69":5,"70":5,"71":5,"72":5,"73":0,"74":0,"75":0,"76":0,"77":0,"78":0,"79":0,"80":0,"81":2,"82":4,"83":1,"84":3,"85":3,"86":3,"87":3,"88":3,"89":3,"90":0,"91":0,"92":0,"93":0,"94":0,"95":0,"96":0,"97":2,"98":4,"99":1,"100":3,"101":3,"102":0,"103":0,"104":0,"105":0,"106":2,"107":2,"108":2,"109":1,"110":2,"111":2},"f":{"0":1,"1":1,"2":0,"3":1,"4":4,"5":2,"6":0,"7":6,"8":6,"9":0,"10":0,"11":6,"12":5,"13":0,"14":4,"15":3,"16":0,"17":4,"18":0,"19":2,"20":1},"b":{"0":[1,0],"1":[0,0],"2":[2,2],"3":[4,3,3,3,3,3],"4":[2,0],"5":[0,0],"6":[0,6],"7":[6,0],"8":[0,0],"9":[0,0],"10":[1,5],"11":[5,0],"12":[0,0],"13":[0,0],"14":[1,3],"15":[4,4,4,4,4,4],"16":[3,0],"17":[0,0],"18":[1,3],"19":[0,0]},"_coverageSchema":"1a1c01bbd47fc00a2c39e90264f33305004495a9","hash":"00f7f39a99013bf75d88f6c725de2620d71d8a7d"}
}
