TN:
SF:functions.js
FN:22,cosineSim
FN:28,(anonymous_1)
FN:105,queryDatabase
FN:108,(anonymous_3)
FN:120,querySelectDatabase
FN:123,(anonymous_5)
FN:136,compare
FNF:7
FNH:7
FNDA:1,cosineSim
FNDA:1,(anonymous_1)
FNDA:2,queryDatabase
FNDA:2,(anonymous_3)
FNDA:2,querySelectDatabase
FNDA:2,(anonymous_5)
FNDA:11,compare
DA:1,1
DA:2,1
DA:4,1
DA:20,1
DA:23,1
DA:24,1
DA:25,1
DA:26,1
DA:29,1
DA:30,0
DA:32,1
DA:33,1
DA:34,0
DA:37,1
DA:38,13
DA:40,1
DA:43,12
DA:52,12
DA:56,1
DA:57,12
DA:58,12
DA:61,12
DA:62,12
DA:64,12
DA:65,12
DA:66,12
DA:67,12
DA:70,12
DA:71,12
DA:72,0
DA:73,0
DA:77,12
DA:78,12
DA:80,12
DA:81,12
DA:84,12
DA:85,12
DA:86,12
DA:87,12
DA:88,12
DA:91,12
DA:92,12
DA:94,12
DA:96,1
DA:97,1
DA:102,1
DA:106,2
DA:109,2
DA:110,1
DA:112,1
DA:113,1
DA:117,2
DA:121,2
DA:124,2
DA:125,1
DA:127,1
DA:128,1
DA:132,2
DA:137,11
DA:138,0
DA:140,11
DA:141,0
DA:143,11
DA:146,1
LF:64
LH:58
BRDA:29,0,0,0
BRDA:29,0,1,1
BRDA:33,1,0,0
BRDA:33,1,1,1
BRDA:38,2,0,1
BRDA:38,2,1,12
BRDA:65,3,0,12
BRDA:65,3,1,0
BRDA:71,4,0,0
BRDA:71,4,1,12
BRDA:87,5,0,12
BRDA:87,5,1,0
BRDA:109,6,0,1
BRDA:109,6,1,1
BRDA:124,7,0,1
BRDA:124,7,1,1
BRDA:137,8,0,0
BRDA:137,8,1,11
BRDA:140,9,0,0
BRDA:140,9,1,11
BRF:20
BRH:13
end_of_record
TN:
SF:index.js
FN:36,(anonymous_0)
FN:42,(anonymous_1)
FN:49,(anonymous_2)
FN:60,(anonymous_3)
FN:66,(anonymous_4)
FN:79,(anonymous_5)
FN:85,(anonymous_6)
FN:107,(anonymous_7)
FN:114,(anonymous_8)
FN:129,(anonymous_9)
FN:138,(anonymous_10)
FN:157,(anonymous_11)
FN:164,(anonymous_12)
FN:174,(anonymous_13)
FN:189,(anonymous_14)
FN:192,(anonymous_15)
FN:199,(anonymous_16)
FN:201,(anonymous_17)
FN:206,(anonymous_18)
FN:213,(anonymous_19)
FN:225,(anonymous_20)
FN:232,(anonymous_21)
FN:238,(anonymous_22)
FN:246,(anonymous_23)
FN:254,(anonymous_24)
FN:260,(anonymous_25)
FN:267,(anonymous_26)
FN:272,(anonymous_27)
FN:283,(anonymous_28)
FN:289,(anonymous_29)
FN:294,(anonymous_30)
FN:305,(anonymous_31)
FN:327,(anonymous_32)
FN:333,(anonymous_33)
FN:336,(anonymous_34)
FN:349,(anonymous_35)
FN:363,(anonymous_36)
FN:372,(anonymous_37)
FN:374,(anonymous_38)
FN:390,(anonymous_39)
FN:398,(anonymous_40)
FN:400,(anonymous_41)
FN:407,(anonymous_42)
FN:420,(anonymous_43)
FN:430,(anonymous_44)
FN:436,(anonymous_45)
FN:438,(anonymous_46)
FNF:47
FNH:42
FNDA:1,(anonymous_0)
FNDA:3,(anonymous_1)
FNDA:1,(anonymous_2)
FNDA:1,(anonymous_3)
FNDA:0,(anonymous_4)
FNDA:2,(anonymous_5)
FNDA:1,(anonymous_6)
FNDA:2,(anonymous_7)
FNDA:1,(anonymous_8)
FNDA:2,(anonymous_9)
FNDA:1,(anonymous_10)
FNDA:2,(anonymous_11)
FNDA:1,(anonymous_12)
FNDA:4,(anonymous_13)
FNDA:3,(anonymous_14)
FNDA:0,(anonymous_15)
FNDA:3,(anonymous_16)
FNDA:3,(anonymous_17)
FNDA:1,(anonymous_18)
FNDA:42,(anonymous_19)
FNDA:1,(anonymous_20)
FNDA:2,(anonymous_21)
FNDA:1,(anonymous_22)
FNDA:1,(anonymous_23)
FNDA:2,(anonymous_24)
FNDA:22,(anonymous_25)
FNDA:1,(anonymous_26)
FNDA:1,(anonymous_27)
FNDA:0,(anonymous_28)
FNDA:1,(anonymous_29)
FNDA:0,(anonymous_30)
FNDA:1,(anonymous_31)
FNDA:3,(anonymous_32)
FNDA:2,(anonymous_33)
FNDA:2,(anonymous_34)
FNDA:0,(anonymous_35)
FNDA:3,(anonymous_36)
FNDA:2,(anonymous_37)
FNDA:2,(anonymous_38)
FNDA:3,(anonymous_39)
FNDA:2,(anonymous_40)
FNDA:2,(anonymous_41)
FNDA:1,(anonymous_42)
FNDA:1,(anonymous_43)
FNDA:3,(anonymous_44)
FNDA:2,(anonymous_45)
FNDA:2,(anonymous_46)
DA:1,1
DA:2,1
DA:3,1
DA:4,1
DA:5,1
DA:9,1
DA:10,1
DA:11,1
DA:12,1
DA:15,1
DA:16,1
DA:17,1
DA:18,1
DA:20,1
DA:22,1
DA:23,1
DA:24,1
DA:36,1
DA:37,1
DA:42,1
DA:43,3
DA:44,2
DA:47,1
DA:49,1
DA:50,1
DA:51,0
DA:52,0
DA:54,1
DA:60,1
DA:61,1
DA:62,1
DA:65,0
DA:66,0
DA:67,0
DA:68,0
DA:69,0
DA:72,0
DA:79,1
DA:80,2
DA:81,1
DA:84,1
DA:85,1
DA:86,1
DA:87,1
DA:88,0
DA:90,1
DA:100,1
DA:107,1
DA:109,2
DA:110,1
DA:113,1
DA:114,1
DA:115,1
DA:116,1
DA:118,0
DA:119,0
DA:122,0
DA:129,1
DA:132,2
DA:133,1
DA:136,1
DA:138,1
DA:139,1
DA:140,1
DA:141,1
DA:143,0
DA:157,1
DA:158,2
DA:159,1
DA:162,1
DA:164,1
DA:165,1
DA:174,1
DA:175,4
DA:176,1
DA:179,3
DA:180,3
DA:181,3
DA:188,3
DA:190,3
DA:193,0
DA:196,3
DA:197,3
DA:198,3
DA:199,3
DA:201,3
DA:202,3
DA:204,3
DA:205,1
DA:206,1
DA:207,1
DA:211,2
DA:213,2
DA:214,42
DA:215,22
DA:216,1
DA:217,1
DA:221,2
DA:223,1
DA:224,1
DA:225,1
DA:226,1
DA:231,3
DA:232,2
DA:233,2
DA:234,2
DA:235,1
DA:239,1
DA:243,1
DA:244,1
DA:245,1
DA:246,1
DA:247,1
DA:252,3
DA:254,2
DA:255,2
DA:256,2
DA:257,1
DA:260,1
DA:264,22
DA:265,1
DA:267,1
DA:268,1
DA:269,1
DA:270,1
DA:273,1
DA:278,0
DA:279,0
DA:280,0
DA:283,0
DA:284,0
DA:289,1
DA:290,1
DA:291,1
DA:292,0
DA:295,0
DA:300,1
DA:301,1
DA:302,1
DA:305,1
DA:306,1
DA:311,1
DA:312,1
DA:327,1
DA:328,3
DA:329,1
DA:332,2
DA:333,2
DA:334,2
DA:335,2
DA:336,2
DA:337,2
DA:338,2
DA:342,0
DA:343,0
DA:344,0
DA:349,0
DA:350,0
DA:351,0
DA:363,1
DA:364,3
DA:365,1
DA:368,2
DA:369,2
DA:370,2
DA:372,2
DA:374,2
DA:375,2
DA:376,1
DA:379,1
DA:390,1
DA:391,3
DA:392,1
DA:395,2
DA:396,2
DA:397,2
DA:398,2
DA:400,2
DA:401,2
DA:402,2
DA:403,1
DA:408,1
DA:409,1
DA:413,1
DA:414,1
DA:418,1
DA:419,1
DA:420,1
DA:421,1
DA:422,1
DA:430,1
DA:431,3
DA:432,1
DA:435,2
DA:436,2
DA:438,2
DA:439,2
DA:440,2
DA:441,1
DA:444,1
DA:452,1
DA:456,1
LF:202
LH:175
BRDA:43,0,0,2
BRDA:43,0,1,1
BRDA:43,1,0,3
BRDA:43,1,1,2
BRDA:43,1,2,2
BRDA:43,1,3,2
BRDA:43,1,4,2
BRDA:43,1,5,2
BRDA:50,2,0,0
BRDA:50,2,1,1
BRDA:61,3,0,1
BRDA:61,3,1,0
BRDA:61,4,0,1
BRDA:61,4,1,0
BRDA:67,5,0,0
BRDA:67,5,1,0
BRDA:80,6,0,1
BRDA:80,6,1,1
BRDA:87,7,0,0
BRDA:87,7,1,1
BRDA:109,8,0,1
BRDA:109,8,1,1
BRDA:115,9,0,1
BRDA:115,9,1,0
BRDA:118,10,0,0
BRDA:118,10,1,0
BRDA:132,11,0,1
BRDA:132,11,1,1
BRDA:132,12,0,2
BRDA:132,12,1,2
BRDA:132,12,2,2
BRDA:132,12,3,2
BRDA:132,12,4,2
BRDA:132,12,5,2
BRDA:139,13,0,1
BRDA:139,13,1,0
BRDA:158,14,0,1
BRDA:158,14,1,1
BRDA:175,15,0,1
BRDA:175,15,1,3
BRDA:175,16,0,4
BRDA:175,16,1,3
BRDA:175,16,2,3
BRDA:180,17,0,3
BRDA:180,17,1,0
BRDA:202,18,0,0
BRDA:202,18,1,3
BRDA:204,19,0,1
BRDA:204,19,1,2
BRDA:207,20,0,0
BRDA:207,20,1,1
BRDA:214,21,0,22
BRDA:214,21,1,20
BRDA:215,22,0,1
BRDA:215,22,1,21
BRDA:221,23,0,1
BRDA:221,23,1,1
BRDA:226,24,0,0
BRDA:226,24,1,1
BRDA:231,25,0,2
BRDA:231,25,1,1
BRDA:233,26,0,0
BRDA:233,26,1,2
BRDA:234,27,0,1
BRDA:234,27,1,1
BRDA:239,28,0,0
BRDA:239,28,1,1
BRDA:247,29,0,0
BRDA:247,29,1,1
BRDA:252,30,0,2
BRDA:252,30,1,1
BRDA:255,31,0,0
BRDA:255,31,1,2
BRDA:256,32,0,1
BRDA:256,32,1,1
BRDA:264,33,0,1
BRDA:264,33,1,21
BRDA:268,34,0,0
BRDA:268,34,1,1
BRDA:269,35,0,1
BRDA:269,35,1,0
BRDA:273,36,0,0
BRDA:273,36,1,1
BRDA:284,37,0,0
BRDA:284,37,1,0
BRDA:290,38,0,0
BRDA:290,38,1,1
BRDA:291,39,0,0
BRDA:291,39,1,1
BRDA:295,40,0,0
BRDA:295,40,1,0
BRDA:306,41,0,0
BRDA:306,41,1,1
BRDA:328,42,0,1
BRDA:328,42,1,2
BRDA:328,43,0,3
BRDA:328,43,1,3
BRDA:334,44,0,0
BRDA:334,44,1,2
BRDA:335,45,0,2
BRDA:335,45,1,0
BRDA:337,46,0,0
BRDA:337,46,1,2
BRDA:350,47,0,0
BRDA:350,47,1,0
BRDA:364,48,0,1
BRDA:364,48,1,2
BRDA:364,49,0,3
BRDA:364,49,1,2
BRDA:375,50,0,1
BRDA:375,50,1,1
BRDA:391,51,0,1
BRDA:391,51,1,2
BRDA:391,52,0,3
BRDA:391,52,1,2
BRDA:391,52,2,2
BRDA:401,53,0,0
BRDA:401,53,1,2
BRDA:402,54,0,1
BRDA:402,54,1,1
BRDA:408,55,0,0
BRDA:408,55,1,1
BRDA:421,56,0,0
BRDA:421,56,1,1
BRDA:431,57,0,1
BRDA:431,57,1,2
BRDA:439,58,0,0
BRDA:439,58,1,2
BRDA:440,59,0,1
BRDA:440,59,1,1
BRF:130
BRH:93
end_of_record
