TN:
SF:functions.js
FN:21,cosineSim
FN:27,(anonymous_1)
FN:104,queryDatabase
FN:109,(anonymous_3)
FN:122,querySelectDatabase
FN:127,(anonymous_5)
FN:140,compare
FNF:7
FNH:7
FNDA:2,cosineSim
FNDA:2,(anonymous_1)
FNDA:1,queryDatabase
FNDA:1,(anonymous_3)
FNDA:1,querySelectDatabase
FNDA:1,(anonymous_5)
FNDA:3,compare
DA:1,2
DA:3,2
DA:19,2
DA:22,2
DA:23,2
DA:24,2
DA:25,2
DA:28,2
DA:29,2
DA:31,0
DA:32,0
DA:33,0
DA:35,0
DA:36,0
DA:38,0
DA:41,0
DA:49,0
DA:53,0
DA:54,0
DA:55,0
DA:58,0
DA:59,0
DA:61,0
DA:62,0
DA:63,0
DA:64,0
DA:67,0
DA:68,0
DA:69,0
DA:70,0
DA:74,0
DA:75,0
DA:77,0
DA:78,0
DA:81,0
DA:82,0
DA:83,0
DA:84,0
DA:85,0
DA:86,0
DA:87,0
DA:90,0
DA:91,0
DA:93,0
DA:95,0
DA:100,2
DA:101,2
DA:107,1
DA:110,1
DA:111,1
DA:113,0
DA:114,0
DA:119,1
DA:125,1
DA:128,1
DA:129,1
DA:131,0
DA:132,0
DA:137,1
DA:141,3
DA:142,1
DA:144,2
DA:145,1
DA:147,1
DA:150,2
LF:65
LH:25
BRDA:28,0,0,2
BRDA:28,0,1,0
BRDA:32,1,0,0
BRDA:32,1,1,0
BRDA:36,2,0,0
BRDA:36,2,1,0
BRDA:62,3,0,0
BRDA:62,3,1,0
BRDA:68,4,0,0
BRDA:68,4,1,0
BRDA:86,5,0,0
BRDA:86,5,1,0
BRDA:110,6,0,1
BRDA:110,6,1,0
BRDA:128,7,0,1
BRDA:128,7,1,0
BRDA:141,8,0,1
BRDA:141,8,1,2
BRDA:144,9,0,1
BRDA:144,9,1,1
BRF:20
BRH:7
end_of_record
TN:
SF:index.js
FN:35,(anonymous_0)
FN:38,(anonymous_1)
FN:46,(anonymous_2)
FN:61,(anonymous_3)
FN:67,(anonymous_4)
FN:75,(anonymous_5)
FN:83,(anonymous_6)
FN:102,(anonymous_7)
FN:109,(anonymous_8)
FN:117,(anonymous_9)
FN:146,(anonymous_10)
FN:151,(anonymous_11)
FN:159,(anonymous_12)
FN:167,(anonymous_13)
FN:187,(anonymous_14)
FN:196,(anonymous_15)
FN:204,(anonymous_16)
FN:229,(anonymous_17)
FN:236,(anonymous_18)
FN:248,(anonymous_19)
FN:253,(anonymous_20)
FNF:21
FNH:14
FNDA:1,(anonymous_0)
FNDA:1,(anonymous_1)
FNDA:0,(anonymous_2)
FNDA:1,(anonymous_3)
FNDA:4,(anonymous_4)
FNDA:2,(anonymous_5)
FNDA:0,(anonymous_6)
FNDA:6,(anonymous_7)
FNDA:6,(anonymous_8)
FNDA:0,(anonymous_9)
FNDA:0,(anonymous_10)
FNDA:6,(anonymous_11)
FNDA:5,(anonymous_12)
FNDA:0,(anonymous_13)
FNDA:4,(anonymous_14)
FNDA:3,(anonymous_15)
FNDA:0,(anonymous_16)
FNDA:4,(anonymous_17)
FNDA:0,(anonymous_18)
FNDA:2,(anonymous_19)
FNDA:1,(anonymous_20)
DA:1,2
DA:2,2
DA:3,2
DA:4,2
DA:5,2
DA:6,2
DA:7,2
DA:8,2
DA:10,2
DA:13,2
DA:29,2
DA:30,2
DA:35,2
DA:38,1
DA:39,1
DA:40,1
DA:41,1
DA:44,0
DA:47,0
DA:48,0
DA:50,0
DA:51,0
DA:55,0
DA:61,2
DA:62,1
DA:67,2
DA:68,4
DA:69,2
DA:72,2
DA:73,2
DA:75,2
DA:76,2
DA:77,2
DA:78,2
DA:81,0
DA:84,0
DA:85,0
DA:86,0
DA:88,0
DA:89,0
DA:90,0
DA:94,0
DA:102,2
DA:103,6
DA:104,0
DA:107,6
DA:108,6
DA:109,6
DA:110,6
DA:111,6
DA:112,6
DA:115,0
DA:118,0
DA:119,0
DA:120,0
DA:121,0
DA:123,0
DA:124,0
DA:126,0
DA:134,0
DA:135,0
DA:139,0
DA:146,2
DA:147,0
DA:151,2
DA:153,6
DA:154,1
DA:157,5
DA:158,5
DA:159,5
DA:160,5
DA:161,5
DA:162,5
DA:165,0
DA:168,0
DA:169,0
DA:171,0
DA:172,0
DA:175,0
DA:177,0
DA:181,0
DA:187,2
DA:190,4
DA:191,1
DA:194,3
DA:195,3
DA:196,3
DA:197,3
DA:198,3
DA:199,3
DA:202,0
DA:205,0
DA:206,0
DA:207,0
DA:209,0
DA:210,0
DA:214,0
DA:229,2
DA:230,4
DA:231,1
DA:234,3
DA:236,3
DA:237,0
DA:238,0
DA:239,0
DA:242,0
DA:248,2
DA:249,2
DA:253,2
DA:254,1
DA:257,2
DA:261,2
LF:112
LH:66
BRDA:39,0,0,1
BRDA:39,0,1,0
BRDA:47,1,0,0
BRDA:47,1,1,0
BRDA:68,2,0,2
BRDA:68,2,1,2
BRDA:68,3,0,4
BRDA:68,3,1,3
BRDA:68,3,2,3
BRDA:68,3,3,3
BRDA:68,3,4,3
BRDA:68,3,5,3
BRDA:76,4,0,2
BRDA:76,4,1,0
BRDA:84,5,0,0
BRDA:84,5,1,0
BRDA:103,6,0,0
BRDA:103,6,1,6
BRDA:110,7,0,6
BRDA:110,7,1,0
BRDA:118,8,0,0
BRDA:118,8,1,0
BRDA:123,9,0,0
BRDA:123,9,1,0
BRDA:153,10,0,1
BRDA:153,10,1,5
BRDA:160,11,0,5
BRDA:160,11,1,0
BRDA:168,12,0,0
BRDA:168,12,1,0
BRDA:171,13,0,0
BRDA:171,13,1,0
BRDA:190,14,0,1
BRDA:190,14,1,3
BRDA:190,15,0,4
BRDA:190,15,1,4
BRDA:190,15,2,4
BRDA:190,15,3,4
BRDA:190,15,4,4
BRDA:190,15,5,4
BRDA:197,16,0,3
BRDA:197,16,1,0
BRDA:205,17,0,0
BRDA:205,17,1,0
BRDA:230,18,0,1
BRDA:230,18,1,3
BRDA:237,19,0,0
BRDA:237,19,1,0
BRF:48
BRH:26
end_of_record
